<?xml version="1.0" encoding="UTF-8"?>
<testng-results skipped="0" failed="4" ignored="0" total="20" passed="16">
  <reporter-output>
  </reporter-output>
  <suite name="Suite" duration-ms="334562" started-at="2021-09-26T20:45:23Z" finished-at="2021-09-26T20:50:57Z">
    <groups>
    </groups>
    <test name="UserLogin" duration-ms="53294" started-at="2021-09-26T20:45:23Z" finished-at="2021-09-26T20:46:16Z">
      <class name="testCases.Login">
        <test-method status="PASS" signature="openBrowser()[pri:0, instance:testCases.Login@5d0bf09b]" name="openBrowser" is-config="true" duration-ms="5644" started-at="2021-09-26T20:45:24Z" finished-at="2021-09-26T20:45:30Z">
          <reporter-output>
          </reporter-output>
        </test-method> <!-- openBrowser -->
        <test-method status="FAIL" signature="userLogin(java.lang.String, java.lang.String)[pri:0, instance:testCases.Login@5d0bf09b]" name="userLogin" duration-ms="20378" started-at="2021-09-26T20:45:30Z" data-provider="testData" finished-at="2021-09-26T20:45:50Z">
          <params>
            <param index="0">
              <value>
                <![CDATA[amanpandey1504@gmail.com]]>
              </value>
            </param>
            <param index="1">
              <value>
                <![CDATA[pass#word1]]>
              </value>
            </param>
          </params>
          <exception class="org.openqa.selenium.ElementNotInteractableException">
            <message>
              <![CDATA[element not interactable
  (Session info: chrome=93.0.4577.82)
Build info: version: '3.141.59', revision: 'e82be7d358', time: '2018-11-14T08:17:03'
System info: host: 'LAB-63761862547', ip: '172.18.24.55', os.name: 'Windows 10', os.arch: 'amd64', os.version: '10.0', java.version: '1.8.0_201'
Driver info: org.openqa.selenium.chrome.ChromeDriver
Capabilities {acceptInsecureCerts: false, browserName: chrome, browserVersion: 93.0.4577.82, chrome: {chromedriverVersion: 92.0.4515.107 (87a818b10553..., userDataDir: C:\Users\User\AppData\Local...}, goog:chromeOptions: {debuggerAddress: localhost:51006}, javascriptEnabled: true, networkConnectionEnabled: false, pageLoadStrategy: normal, platform: WINDOWS, platformName: WINDOWS, proxy: Proxy(), setWindowRect: true, strictFileInteractability: false, timeouts: {implicit: 0, pageLoad: 300000, script: 30000}, unhandledPromptBehavior: dismiss and notify, webauthn:extension:credBlob: true, webauthn:extension:largeBlob: true, webauthn:virtualAuthenticators: true}
Session ID: 455ab0e4b3b5cc5672d8234bc789ee10]]>
            </message>
            <full-stacktrace>
              <![CDATA[org.openqa.selenium.ElementNotInteractableException: element not interactable
  (Session info: chrome=93.0.4577.82)
Build info: version: '3.141.59', revision: 'e82be7d358', time: '2018-11-14T08:17:03'
System info: host: 'LAB-63761862547', ip: '172.18.24.55', os.name: 'Windows 10', os.arch: 'amd64', os.version: '10.0', java.version: '1.8.0_201'
Driver info: org.openqa.selenium.chrome.ChromeDriver
Capabilities {acceptInsecureCerts: false, browserName: chrome, browserVersion: 93.0.4577.82, chrome: {chromedriverVersion: 92.0.4515.107 (87a818b10553..., userDataDir: C:\Users\User\AppData\Local...}, goog:chromeOptions: {debuggerAddress: localhost:51006}, javascriptEnabled: true, networkConnectionEnabled: false, pageLoadStrategy: normal, platform: WINDOWS, platformName: WINDOWS, proxy: Proxy(), setWindowRect: true, strictFileInteractability: false, timeouts: {implicit: 0, pageLoad: 300000, script: 30000}, unhandledPromptBehavior: dismiss and notify, webauthn:extension:credBlob: true, webauthn:extension:largeBlob: true, webauthn:virtualAuthenticators: true}
Session ID: 455ab0e4b3b5cc5672d8234bc789ee10
at sun.reflect.NativeConstructorAccessorImpl.newInstance0(Native Method)
at sun.reflect.NativeConstructorAccessorImpl.newInstance(NativeConstructorAccessorImpl.java:62)
at sun.reflect.DelegatingConstructorAccessorImpl.newInstance(DelegatingConstructorAccessorImpl.java:45)
at java.lang.reflect.Constructor.newInstance(Constructor.java:423)
at org.openqa.selenium.remote.http.W3CHttpResponseCodec.createException(W3CHttpResponseCodec.java:187)
at org.openqa.selenium.remote.http.W3CHttpResponseCodec.decode(W3CHttpResponseCodec.java:122)
at org.openqa.selenium.remote.http.W3CHttpResponseCodec.decode(W3CHttpResponseCodec.java:49)
at org.openqa.selenium.remote.HttpCommandExecutor.execute(HttpCommandExecutor.java:158)
at org.openqa.selenium.remote.service.DriverCommandExecutor.execute(DriverCommandExecutor.java:83)
at org.openqa.selenium.remote.RemoteWebDriver.execute(RemoteWebDriver.java:552)
at org.openqa.selenium.remote.RemoteWebElement.execute(RemoteWebElement.java:285)
at org.openqa.selenium.remote.RemoteWebElement.sendKeys(RemoteWebElement.java:106)
at testCases.Login.userLogin(Login.java:40)
at sun.reflect.NativeMethodAccessorImpl.invoke0(Native Method)
at sun.reflect.NativeMethodAccessorImpl.invoke(NativeMethodAccessorImpl.java:62)
at sun.reflect.DelegatingMethodAccessorImpl.invoke(DelegatingMethodAccessorImpl.java:43)
at java.lang.reflect.Method.invoke(Method.java:498)
at org.testng.internal.MethodInvocationHelper.invokeMethod(MethodInvocationHelper.java:124)
at org.testng.internal.Invoker.invokeMethod(Invoker.java:583)
at org.testng.internal.Invoker.invokeTestMethod(Invoker.java:719)
at org.testng.internal.Invoker.invokeTestMethods(Invoker.java:989)
at org.testng.internal.TestMethodWorker.invokeTestMethods(TestMethodWorker.java:125)
at org.testng.internal.TestMethodWorker.run(TestMethodWorker.java:109)
at org.testng.TestRunner.privateRun(TestRunner.java:648)
at org.testng.TestRunner.run(TestRunner.java:505)
at org.testng.SuiteRunner.runTest(SuiteRunner.java:455)
at org.testng.SuiteRunner.runSequentially(SuiteRunner.java:450)
at org.testng.SuiteRunner.privateRun(SuiteRunner.java:415)
at org.testng.SuiteRunner.run(SuiteRunner.java:364)
at org.testng.SuiteRunnerWorker.runSuite(SuiteRunnerWorker.java:52)
at org.testng.SuiteRunnerWorker.run(SuiteRunnerWorker.java:84)
at org.testng.TestNG.runSuitesSequentially(TestNG.java:1208)
at org.testng.TestNG.runSuitesLocally(TestNG.java:1137)
at org.testng.TestNG.runSuites(TestNG.java:1049)
at org.testng.TestNG.run(TestNG.java:1017)
at org.apache.maven.surefire.testng.TestNGExecutor.run(TestNGExecutor.java:284)
at org.apache.maven.surefire.testng.TestNGXmlTestSuite.execute(TestNGXmlTestSuite.java:75)
at org.apache.maven.surefire.testng.TestNGProvider.invoke(TestNGProvider.java:119)
at org.apache.maven.surefire.booter.ForkedBooter.runSuitesInProcess(ForkedBooter.java:428)
at org.apache.maven.surefire.booter.ForkedBooter.execute(ForkedBooter.java:162)
at org.apache.maven.surefire.booter.ForkedBooter.run(ForkedBooter.java:562)
at org.apache.maven.surefire.booter.ForkedBooter.main(ForkedBooter.java:548)
]]>
            </full-stacktrace>
          </exception> <!-- org.openqa.selenium.ElementNotInteractableException -->
          <reporter-output>
          </reporter-output>
        </test-method> <!-- userLogin -->
        <test-method status="PASS" signature="end()[pri:0, instance:testCases.Login@5d0bf09b]" name="end" is-config="true" duration-ms="845" started-at="2021-09-26T20:45:50Z" finished-at="2021-09-26T20:45:51Z">
          <reporter-output>
          </reporter-output>
        </test-method> <!-- end -->
        <test-method status="PASS" signature="openBrowser()[pri:0, instance:testCases.Login@5d0bf09b]" name="openBrowser" is-config="true" duration-ms="4154" started-at="2021-09-26T20:45:51Z" finished-at="2021-09-26T20:45:55Z">
          <reporter-output>
          </reporter-output>
        </test-method> <!-- openBrowser -->
        <test-method status="FAIL" signature="userLogin(java.lang.String, java.lang.String)[pri:0, instance:testCases.Login@5d0bf09b]" name="userLogin" duration-ms="19635" started-at="2021-09-26T20:45:55Z" data-provider="testData" finished-at="2021-09-26T20:46:15Z">
          <params>
            <param index="0">
              <value>
                <![CDATA[amanpandey1504@gmail.com]]>
              </value>
            </param>
            <param index="1">
              <value>
                <![CDATA[qwerty1234]]>
              </value>
            </param>
          </params>
          <exception class="org.openqa.selenium.ElementNotInteractableException">
            <message>
              <![CDATA[element not interactable
  (Session info: chrome=93.0.4577.82)
Build info: version: '3.141.59', revision: 'e82be7d358', time: '2018-11-14T08:17:03'
System info: host: 'LAB-63761862547', ip: '172.18.24.55', os.name: 'Windows 10', os.arch: 'amd64', os.version: '10.0', java.version: '1.8.0_201'
Driver info: org.openqa.selenium.chrome.ChromeDriver
Capabilities {acceptInsecureCerts: false, browserName: chrome, browserVersion: 93.0.4577.82, chrome: {chromedriverVersion: 92.0.4515.107 (87a818b10553..., userDataDir: C:\Users\User\AppData\Local...}, goog:chromeOptions: {debuggerAddress: localhost:54236}, javascriptEnabled: true, networkConnectionEnabled: false, pageLoadStrategy: normal, platform: WINDOWS, platformName: WINDOWS, proxy: Proxy(), setWindowRect: true, strictFileInteractability: false, timeouts: {implicit: 0, pageLoad: 300000, script: 30000}, unhandledPromptBehavior: dismiss and notify, webauthn:extension:credBlob: true, webauthn:extension:largeBlob: true, webauthn:virtualAuthenticators: true}
Session ID: c5a83151077b05c1cc8f8358633385ca]]>
            </message>
            <full-stacktrace>
              <![CDATA[org.openqa.selenium.ElementNotInteractableException: element not interactable
  (Session info: chrome=93.0.4577.82)
Build info: version: '3.141.59', revision: 'e82be7d358', time: '2018-11-14T08:17:03'
System info: host: 'LAB-63761862547', ip: '172.18.24.55', os.name: 'Windows 10', os.arch: 'amd64', os.version: '10.0', java.version: '1.8.0_201'
Driver info: org.openqa.selenium.chrome.ChromeDriver
Capabilities {acceptInsecureCerts: false, browserName: chrome, browserVersion: 93.0.4577.82, chrome: {chromedriverVersion: 92.0.4515.107 (87a818b10553..., userDataDir: C:\Users\User\AppData\Local...}, goog:chromeOptions: {debuggerAddress: localhost:54236}, javascriptEnabled: true, networkConnectionEnabled: false, pageLoadStrategy: normal, platform: WINDOWS, platformName: WINDOWS, proxy: Proxy(), setWindowRect: true, strictFileInteractability: false, timeouts: {implicit: 0, pageLoad: 300000, script: 30000}, unhandledPromptBehavior: dismiss and notify, webauthn:extension:credBlob: true, webauthn:extension:largeBlob: true, webauthn:virtualAuthenticators: true}
Session ID: c5a83151077b05c1cc8f8358633385ca
at sun.reflect.NativeConstructorAccessorImpl.newInstance0(Native Method)
at sun.reflect.NativeConstructorAccessorImpl.newInstance(NativeConstructorAccessorImpl.java:62)
at sun.reflect.DelegatingConstructorAccessorImpl.newInstance(DelegatingConstructorAccessorImpl.java:45)
at java.lang.reflect.Constructor.newInstance(Constructor.java:423)
at org.openqa.selenium.remote.http.W3CHttpResponseCodec.createException(W3CHttpResponseCodec.java:187)
at org.openqa.selenium.remote.http.W3CHttpResponseCodec.decode(W3CHttpResponseCodec.java:122)
at org.openqa.selenium.remote.http.W3CHttpResponseCodec.decode(W3CHttpResponseCodec.java:49)
at org.openqa.selenium.remote.HttpCommandExecutor.execute(HttpCommandExecutor.java:158)
at org.openqa.selenium.remote.service.DriverCommandExecutor.execute(DriverCommandExecutor.java:83)
at org.openqa.selenium.remote.RemoteWebDriver.execute(RemoteWebDriver.java:552)
at org.openqa.selenium.remote.RemoteWebElement.execute(RemoteWebElement.java:285)
at org.openqa.selenium.remote.RemoteWebElement.sendKeys(RemoteWebElement.java:106)
at testCases.Login.userLogin(Login.java:40)
at sun.reflect.NativeMethodAccessorImpl.invoke0(Native Method)
at sun.reflect.NativeMethodAccessorImpl.invoke(NativeMethodAccessorImpl.java:62)
at sun.reflect.DelegatingMethodAccessorImpl.invoke(DelegatingMethodAccessorImpl.java:43)
at java.lang.reflect.Method.invoke(Method.java:498)
at org.testng.internal.MethodInvocationHelper.invokeMethod(MethodInvocationHelper.java:124)
at org.testng.internal.Invoker.invokeMethod(Invoker.java:583)
at org.testng.internal.Invoker.invokeTestMethod(Invoker.java:719)
at org.testng.internal.Invoker.invokeTestMethods(Invoker.java:989)
at org.testng.internal.TestMethodWorker.invokeTestMethods(TestMethodWorker.java:125)
at org.testng.internal.TestMethodWorker.run(TestMethodWorker.java:109)
at org.testng.TestRunner.privateRun(TestRunner.java:648)
at org.testng.TestRunner.run(TestRunner.java:505)
at org.testng.SuiteRunner.runTest(SuiteRunner.java:455)
at org.testng.SuiteRunner.runSequentially(SuiteRunner.java:450)
at org.testng.SuiteRunner.privateRun(SuiteRunner.java:415)
at org.testng.SuiteRunner.run(SuiteRunner.java:364)
at org.testng.SuiteRunnerWorker.runSuite(SuiteRunnerWorker.java:52)
at org.testng.SuiteRunnerWorker.run(SuiteRunnerWorker.java:84)
at org.testng.TestNG.runSuitesSequentially(TestNG.java:1208)
at org.testng.TestNG.runSuitesLocally(TestNG.java:1137)
at org.testng.TestNG.runSuites(TestNG.java:1049)
at org.testng.TestNG.run(TestNG.java:1017)
at org.apache.maven.surefire.testng.TestNGExecutor.run(TestNGExecutor.java:284)
at org.apache.maven.surefire.testng.TestNGXmlTestSuite.execute(TestNGXmlTestSuite.java:75)
at org.apache.maven.surefire.testng.TestNGProvider.invoke(TestNGProvider.java:119)
at org.apache.maven.surefire.booter.ForkedBooter.runSuitesInProcess(ForkedBooter.java:428)
at org.apache.maven.surefire.booter.ForkedBooter.execute(ForkedBooter.java:162)
at org.apache.maven.surefire.booter.ForkedBooter.run(ForkedBooter.java:562)
at org.apache.maven.surefire.booter.ForkedBooter.main(ForkedBooter.java:548)
]]>
            </full-stacktrace>
          </exception> <!-- org.openqa.selenium.ElementNotInteractableException -->
          <reporter-output>
          </reporter-output>
        </test-method> <!-- userLogin -->
        <test-method status="PASS" signature="end()[pri:0, instance:testCases.Login@5d0bf09b]" name="end" is-config="true" duration-ms="774" started-at="2021-09-26T20:46:15Z" finished-at="2021-09-26T20:46:16Z">
          <reporter-output>
          </reporter-output>
        </test-method> <!-- end -->
      </class> <!-- testCases.Login -->
    </test> <!-- UserLogin -->
    <test name="UserSignInUsingFacebook" duration-ms="41228" started-at="2021-09-26T20:46:16Z" finished-at="2021-09-26T20:46:57Z">
      <class name="testCases.SignInFacebook">
        <test-method status="PASS" signature="openBrowser()[pri:0, instance:testCases.SignInFacebook@350aac89]" name="openBrowser" is-config="true" duration-ms="5503" started-at="2021-09-26T20:46:16Z" finished-at="2021-09-26T20:46:22Z">
          <reporter-output>
          </reporter-output>
        </test-method> <!-- openBrowser -->
        <test-method status="PASS" signature="fbSignIn(java.lang.String, java.lang.String)[pri:0, instance:testCases.SignInFacebook@350aac89]" name="fbSignIn" duration-ms="14630" started-at="2021-09-26T20:46:22Z" data-provider="testData" finished-at="2021-09-26T20:46:36Z">
          <params>
            <param index="0">
              <value>
                <![CDATA[amanpandey1504@gmail.com]]>
              </value>
            </param>
            <param index="1">
              <value>
                <![CDATA[pass#word1]]>
              </value>
            </param>
          </params>
          <reporter-output>
          </reporter-output>
        </test-method> <!-- fbSignIn -->
        <test-method status="PASS" signature="end()[pri:0, instance:testCases.SignInFacebook@350aac89]" name="end" is-config="true" duration-ms="1203" started-at="2021-09-26T20:46:36Z" finished-at="2021-09-26T20:46:37Z">
          <reporter-output>
          </reporter-output>
        </test-method> <!-- end -->
        <test-method status="PASS" signature="openBrowser()[pri:0, instance:testCases.SignInFacebook@350aac89]" name="openBrowser" is-config="true" duration-ms="4349" started-at="2021-09-26T20:46:37Z" finished-at="2021-09-26T20:46:42Z">
          <reporter-output>
          </reporter-output>
        </test-method> <!-- openBrowser -->
        <test-method status="PASS" signature="fbSignIn(java.lang.String, java.lang.String)[pri:0, instance:testCases.SignInFacebook@350aac89]" name="fbSignIn" duration-ms="14655" started-at="2021-09-26T20:46:42Z" data-provider="testData" finished-at="2021-09-26T20:46:56Z">
          <params>
            <param index="0">
              <value>
                <![CDATA[amanpandey1504@gmail.com]]>
              </value>
            </param>
            <param index="1">
              <value>
                <![CDATA[qwerty1234]]>
              </value>
            </param>
          </params>
          <reporter-output>
          </reporter-output>
        </test-method> <!-- fbSignIn -->
        <test-method status="PASS" signature="end()[pri:0, instance:testCases.SignInFacebook@350aac89]" name="end" is-config="true" duration-ms="829" started-at="2021-09-26T20:46:56Z" finished-at="2021-09-26T20:46:57Z">
          <reporter-output>
          </reporter-output>
        </test-method> <!-- end -->
      </class> <!-- testCases.SignInFacebook -->
    </test> <!-- UserSignInUsingFacebook -->
    <test name="UserSignInUsingGoogle" duration-ms="61870" started-at="2021-09-26T20:46:57Z" finished-at="2021-09-26T20:47:59Z">
      <class name="testCases.SignInGoogle">
        <test-method status="PASS" signature="openBrowser()[pri:0, instance:testCases.SignInGoogle@4a83a74a]" name="openBrowser" is-config="true" duration-ms="4167" started-at="2021-09-26T20:46:57Z" finished-at="2021-09-26T20:47:02Z">
          <reporter-output>
          </reporter-output>
        </test-method> <!-- openBrowser -->
        <test-method status="FAIL" signature="gSignIn(java.lang.String, java.lang.String)[pri:0, instance:testCases.SignInGoogle@4a83a74a]" name="gSignIn" duration-ms="25199" started-at="2021-09-26T20:47:02Z" data-provider="testData" finished-at="2021-09-26T20:47:27Z">
          <params>
            <param index="0">
              <value>
                <![CDATA[amanpandey1504@gmail.com]]>
              </value>
            </param>
            <param index="1">
              <value>
                <![CDATA[pass#word1]]>
              </value>
            </param>
          </params>
          <exception class="org.openqa.selenium.NoSuchElementException">
            <message>
              <![CDATA[no such element: Unable to locate element: {"method":"xpath","selector":"//input[@name='password']"}
  (Session info: chrome=93.0.4577.82)
For documentation on this error, please visit: https://www.seleniumhq.org/exceptions/no_such_element.html
Build info: version: '3.141.59', revision: 'e82be7d358', time: '2018-11-14T08:17:03'
System info: host: 'LAB-63761862547', ip: '172.18.24.55', os.name: 'Windows 10', os.arch: 'amd64', os.version: '10.0', java.version: '1.8.0_201'
Driver info: org.openqa.selenium.chrome.ChromeDriver
Capabilities {acceptInsecureCerts: false, browserName: chrome, browserVersion: 93.0.4577.82, chrome: {chromedriverVersion: 92.0.4515.107 (87a818b10553..., userDataDir: C:\Users\User\AppData\Local...}, goog:chromeOptions: {debuggerAddress: localhost:65448}, javascriptEnabled: true, networkConnectionEnabled: false, pageLoadStrategy: normal, platform: WINDOWS, platformName: WINDOWS, proxy: Proxy(), setWindowRect: true, strictFileInteractability: false, timeouts: {implicit: 0, pageLoad: 300000, script: 30000}, unhandledPromptBehavior: dismiss and notify, webauthn:extension:credBlob: true, webauthn:extension:largeBlob: true, webauthn:virtualAuthenticators: true}
Session ID: 54917a0573a26782d7458371435a803d
*** Element info: {Using=xpath, value=//input[@name='password']}]]>
            </message>
            <full-stacktrace>
              <![CDATA[org.openqa.selenium.NoSuchElementException: no such element: Unable to locate element: {"method":"xpath","selector":"//input[@name='password']"}
  (Session info: chrome=93.0.4577.82)
For documentation on this error, please visit: https://www.seleniumhq.org/exceptions/no_such_element.html
Build info: version: '3.141.59', revision: 'e82be7d358', time: '2018-11-14T08:17:03'
System info: host: 'LAB-63761862547', ip: '172.18.24.55', os.name: 'Windows 10', os.arch: 'amd64', os.version: '10.0', java.version: '1.8.0_201'
Driver info: org.openqa.selenium.chrome.ChromeDriver
Capabilities {acceptInsecureCerts: false, browserName: chrome, browserVersion: 93.0.4577.82, chrome: {chromedriverVersion: 92.0.4515.107 (87a818b10553..., userDataDir: C:\Users\User\AppData\Local...}, goog:chromeOptions: {debuggerAddress: localhost:65448}, javascriptEnabled: true, networkConnectionEnabled: false, pageLoadStrategy: normal, platform: WINDOWS, platformName: WINDOWS, proxy: Proxy(), setWindowRect: true, strictFileInteractability: false, timeouts: {implicit: 0, pageLoad: 300000, script: 30000}, unhandledPromptBehavior: dismiss and notify, webauthn:extension:credBlob: true, webauthn:extension:largeBlob: true, webauthn:virtualAuthenticators: true}
Session ID: 54917a0573a26782d7458371435a803d
*** Element info: {Using=xpath, value=//input[@name='password']}
at sun.reflect.NativeConstructorAccessorImpl.newInstance0(Native Method)
at sun.reflect.NativeConstructorAccessorImpl.newInstance(NativeConstructorAccessorImpl.java:62)
at sun.reflect.DelegatingConstructorAccessorImpl.newInstance(DelegatingConstructorAccessorImpl.java:45)
at java.lang.reflect.Constructor.newInstance(Constructor.java:423)
at org.openqa.selenium.remote.http.W3CHttpResponseCodec.createException(W3CHttpResponseCodec.java:187)
at org.openqa.selenium.remote.http.W3CHttpResponseCodec.decode(W3CHttpResponseCodec.java:122)
at org.openqa.selenium.remote.http.W3CHttpResponseCodec.decode(W3CHttpResponseCodec.java:49)
at org.openqa.selenium.remote.HttpCommandExecutor.execute(HttpCommandExecutor.java:158)
at org.openqa.selenium.remote.service.DriverCommandExecutor.execute(DriverCommandExecutor.java:83)
at org.openqa.selenium.remote.RemoteWebDriver.execute(RemoteWebDriver.java:552)
at org.openqa.selenium.remote.RemoteWebDriver.findElement(RemoteWebDriver.java:323)
at org.openqa.selenium.remote.RemoteWebDriver.findElementByXPath(RemoteWebDriver.java:428)
at org.openqa.selenium.By$ByXPath.findElement(By.java:353)
at org.openqa.selenium.remote.RemoteWebDriver.findElement(RemoteWebDriver.java:315)
at pageObjects.SignInGoogleObject.getPassword(SignInGoogleObject.java:29)
at testCases.SignInGoogle.gSignIn(SignInGoogle.java:42)
at sun.reflect.NativeMethodAccessorImpl.invoke0(Native Method)
at sun.reflect.NativeMethodAccessorImpl.invoke(NativeMethodAccessorImpl.java:62)
at sun.reflect.DelegatingMethodAccessorImpl.invoke(DelegatingMethodAccessorImpl.java:43)
at java.lang.reflect.Method.invoke(Method.java:498)
at org.testng.internal.MethodInvocationHelper.invokeMethod(MethodInvocationHelper.java:124)
at org.testng.internal.Invoker.invokeMethod(Invoker.java:583)
at org.testng.internal.Invoker.invokeTestMethod(Invoker.java:719)
at org.testng.internal.Invoker.invokeTestMethods(Invoker.java:989)
at org.testng.internal.TestMethodWorker.invokeTestMethods(TestMethodWorker.java:125)
at org.testng.internal.TestMethodWorker.run(TestMethodWorker.java:109)
at org.testng.TestRunner.privateRun(TestRunner.java:648)
at org.testng.TestRunner.run(TestRunner.java:505)
at org.testng.SuiteRunner.runTest(SuiteRunner.java:455)
at org.testng.SuiteRunner.runSequentially(SuiteRunner.java:450)
at org.testng.SuiteRunner.privateRun(SuiteRunner.java:415)
at org.testng.SuiteRunner.run(SuiteRunner.java:364)
at org.testng.SuiteRunnerWorker.runSuite(SuiteRunnerWorker.java:52)
at org.testng.SuiteRunnerWorker.run(SuiteRunnerWorker.java:84)
at org.testng.TestNG.runSuitesSequentially(TestNG.java:1208)
at org.testng.TestNG.runSuitesLocally(TestNG.java:1137)
at org.testng.TestNG.runSuites(TestNG.java:1049)
at org.testng.TestNG.run(TestNG.java:1017)
at org.apache.maven.surefire.testng.TestNGExecutor.run(TestNGExecutor.java:284)
at org.apache.maven.surefire.testng.TestNGXmlTestSuite.execute(TestNGXmlTestSuite.java:75)
at org.apache.maven.surefire.testng.TestNGProvider.invoke(TestNGProvider.java:119)
at org.apache.maven.surefire.booter.ForkedBooter.runSuitesInProcess(ForkedBooter.java:428)
at org.apache.maven.surefire.booter.ForkedBooter.execute(ForkedBooter.java:162)
at org.apache.maven.surefire.booter.ForkedBooter.run(ForkedBooter.java:562)
at org.apache.maven.surefire.booter.ForkedBooter.main(ForkedBooter.java:548)
]]>
            </full-stacktrace>
          </exception> <!-- org.openqa.selenium.NoSuchElementException -->
          <reporter-output>
          </reporter-output>
        </test-method> <!-- gSignIn -->
        <test-method status="PASS" signature="end()[pri:0, instance:testCases.SignInGoogle@4a83a74a]" name="end" is-config="true" duration-ms="822" started-at="2021-09-26T20:47:27Z" finished-at="2021-09-26T20:47:28Z">
          <reporter-output>
          </reporter-output>
        </test-method> <!-- end -->
        <test-method status="PASS" signature="openBrowser()[pri:0, instance:testCases.SignInGoogle@4a83a74a]" name="openBrowser" is-config="true" duration-ms="5443" started-at="2021-09-26T20:47:28Z" finished-at="2021-09-26T20:47:33Z">
          <reporter-output>
          </reporter-output>
        </test-method> <!-- openBrowser -->
        <test-method status="FAIL" signature="gSignIn(java.lang.String, java.lang.String)[pri:0, instance:testCases.SignInGoogle@4a83a74a]" name="gSignIn" duration-ms="25076" started-at="2021-09-26T20:47:33Z" data-provider="testData" finished-at="2021-09-26T20:47:58Z">
          <params>
            <param index="0">
              <value>
                <![CDATA[amanpandey1504@gmail.com]]>
              </value>
            </param>
            <param index="1">
              <value>
                <![CDATA[qwerty1234]]>
              </value>
            </param>
          </params>
          <exception class="org.openqa.selenium.NoSuchElementException">
            <message>
              <![CDATA[no such element: Unable to locate element: {"method":"xpath","selector":"//input[@name='password']"}
  (Session info: chrome=93.0.4577.82)
For documentation on this error, please visit: https://www.seleniumhq.org/exceptions/no_such_element.html
Build info: version: '3.141.59', revision: 'e82be7d358', time: '2018-11-14T08:17:03'
System info: host: 'LAB-63761862547', ip: '172.18.24.55', os.name: 'Windows 10', os.arch: 'amd64', os.version: '10.0', java.version: '1.8.0_201'
Driver info: org.openqa.selenium.chrome.ChromeDriver
Capabilities {acceptInsecureCerts: false, browserName: chrome, browserVersion: 93.0.4577.82, chrome: {chromedriverVersion: 92.0.4515.107 (87a818b10553..., userDataDir: C:\Users\User\AppData\Local...}, goog:chromeOptions: {debuggerAddress: localhost:60970}, javascriptEnabled: true, networkConnectionEnabled: false, pageLoadStrategy: normal, platform: WINDOWS, platformName: WINDOWS, proxy: Proxy(), setWindowRect: true, strictFileInteractability: false, timeouts: {implicit: 0, pageLoad: 300000, script: 30000}, unhandledPromptBehavior: dismiss and notify, webauthn:extension:credBlob: true, webauthn:extension:largeBlob: true, webauthn:virtualAuthenticators: true}
Session ID: 2a2e4b8506f60e2a04d8ba729daa6cf1
*** Element info: {Using=xpath, value=//input[@name='password']}]]>
            </message>
            <full-stacktrace>
              <![CDATA[org.openqa.selenium.NoSuchElementException: no such element: Unable to locate element: {"method":"xpath","selector":"//input[@name='password']"}
  (Session info: chrome=93.0.4577.82)
For documentation on this error, please visit: https://www.seleniumhq.org/exceptions/no_such_element.html
Build info: version: '3.141.59', revision: 'e82be7d358', time: '2018-11-14T08:17:03'
System info: host: 'LAB-63761862547', ip: '172.18.24.55', os.name: 'Windows 10', os.arch: 'amd64', os.version: '10.0', java.version: '1.8.0_201'
Driver info: org.openqa.selenium.chrome.ChromeDriver
Capabilities {acceptInsecureCerts: false, browserName: chrome, browserVersion: 93.0.4577.82, chrome: {chromedriverVersion: 92.0.4515.107 (87a818b10553..., userDataDir: C:\Users\User\AppData\Local...}, goog:chromeOptions: {debuggerAddress: localhost:60970}, javascriptEnabled: true, networkConnectionEnabled: false, pageLoadStrategy: normal, platform: WINDOWS, platformName: WINDOWS, proxy: Proxy(), setWindowRect: true, strictFileInteractability: false, timeouts: {implicit: 0, pageLoad: 300000, script: 30000}, unhandledPromptBehavior: dismiss and notify, webauthn:extension:credBlob: true, webauthn:extension:largeBlob: true, webauthn:virtualAuthenticators: true}
Session ID: 2a2e4b8506f60e2a04d8ba729daa6cf1
*** Element info: {Using=xpath, value=//input[@name='password']}
at sun.reflect.NativeConstructorAccessorImpl.newInstance0(Native Method)
at sun.reflect.NativeConstructorAccessorImpl.newInstance(NativeConstructorAccessorImpl.java:62)
at sun.reflect.DelegatingConstructorAccessorImpl.newInstance(DelegatingConstructorAccessorImpl.java:45)
at java.lang.reflect.Constructor.newInstance(Constructor.java:423)
at org.openqa.selenium.remote.http.W3CHttpResponseCodec.createException(W3CHttpResponseCodec.java:187)
at org.openqa.selenium.remote.http.W3CHttpResponseCodec.decode(W3CHttpResponseCodec.java:122)
at org.openqa.selenium.remote.http.W3CHttpResponseCodec.decode(W3CHttpResponseCodec.java:49)
at org.openqa.selenium.remote.HttpCommandExecutor.execute(HttpCommandExecutor.java:158)
at org.openqa.selenium.remote.service.DriverCommandExecutor.execute(DriverCommandExecutor.java:83)
at org.openqa.selenium.remote.RemoteWebDriver.execute(RemoteWebDriver.java:552)
at org.openqa.selenium.remote.RemoteWebDriver.findElement(RemoteWebDriver.java:323)
at org.openqa.selenium.remote.RemoteWebDriver.findElementByXPath(RemoteWebDriver.java:428)
at org.openqa.selenium.By$ByXPath.findElement(By.java:353)
at org.openqa.selenium.remote.RemoteWebDriver.findElement(RemoteWebDriver.java:315)
at pageObjects.SignInGoogleObject.getPassword(SignInGoogleObject.java:29)
at testCases.SignInGoogle.gSignIn(SignInGoogle.java:42)
at sun.reflect.NativeMethodAccessorImpl.invoke0(Native Method)
at sun.reflect.NativeMethodAccessorImpl.invoke(NativeMethodAccessorImpl.java:62)
at sun.reflect.DelegatingMethodAccessorImpl.invoke(DelegatingMethodAccessorImpl.java:43)
at java.lang.reflect.Method.invoke(Method.java:498)
at org.testng.internal.MethodInvocationHelper.invokeMethod(MethodInvocationHelper.java:124)
at org.testng.internal.Invoker.invokeMethod(Invoker.java:583)
at org.testng.internal.Invoker.invokeTestMethod(Invoker.java:719)
at org.testng.internal.Invoker.invokeTestMethods(Invoker.java:989)
at org.testng.internal.TestMethodWorker.invokeTestMethods(TestMethodWorker.java:125)
at org.testng.internal.TestMethodWorker.run(TestMethodWorker.java:109)
at org.testng.TestRunner.privateRun(TestRunner.java:648)
at org.testng.TestRunner.run(TestRunner.java:505)
at org.testng.SuiteRunner.runTest(SuiteRunner.java:455)
at org.testng.SuiteRunner.runSequentially(SuiteRunner.java:450)
at org.testng.SuiteRunner.privateRun(SuiteRunner.java:415)
at org.testng.SuiteRunner.run(SuiteRunner.java:364)
at org.testng.SuiteRunnerWorker.runSuite(SuiteRunnerWorker.java:52)
at org.testng.SuiteRunnerWorker.run(SuiteRunnerWorker.java:84)
at org.testng.TestNG.runSuitesSequentially(TestNG.java:1208)
at org.testng.TestNG.runSuitesLocally(TestNG.java:1137)
at org.testng.TestNG.runSuites(TestNG.java:1049)
at org.testng.TestNG.run(TestNG.java:1017)
at org.apache.maven.surefire.testng.TestNGExecutor.run(TestNGExecutor.java:284)
at org.apache.maven.surefire.testng.TestNGXmlTestSuite.execute(TestNGXmlTestSuite.java:75)
at org.apache.maven.surefire.testng.TestNGProvider.invoke(TestNGProvider.java:119)
at org.apache.maven.surefire.booter.ForkedBooter.runSuitesInProcess(ForkedBooter.java:428)
at org.apache.maven.surefire.booter.ForkedBooter.execute(ForkedBooter.java:162)
at org.apache.maven.surefire.booter.ForkedBooter.run(ForkedBooter.java:562)
at org.apache.maven.surefire.booter.ForkedBooter.main(ForkedBooter.java:548)
]]>
            </full-stacktrace>
          </exception> <!-- org.openqa.selenium.NoSuchElementException -->
          <reporter-output>
          </reporter-output>
        </test-method> <!-- gSignIn -->
        <test-method status="PASS" signature="end()[pri:0, instance:testCases.SignInGoogle@4a83a74a]" name="end" is-config="true" duration-ms="794" started-at="2021-09-26T20:47:58Z" finished-at="2021-09-26T20:47:59Z">
          <reporter-output>
          </reporter-output>
        </test-method> <!-- end -->
      </class> <!-- testCases.SignInGoogle -->
    </test> <!-- UserSignInUsingGoogle -->
    <test name="AddProductToCart" duration-ms="28825" started-at="2021-09-26T20:47:59Z" finished-at="2021-09-26T20:48:28Z">
      <class name="testCases.StudyToCart">
        <test-method status="PASS" signature="openBrowser()[pri:0, instance:testCases.StudyToCart@3ba987b8]" name="openBrowser" is-config="true" duration-ms="4426" started-at="2021-09-26T20:47:59Z" finished-at="2021-09-26T20:48:04Z">
          <reporter-output>
          </reporter-output>
        </test-method> <!-- openBrowser -->
        <test-method status="PASS" signature="checkCart()[pri:0, instance:testCases.StudyToCart@3ba987b8]" name="checkCart" duration-ms="23242" started-at="2021-09-26T20:48:04Z" finished-at="2021-09-26T20:48:27Z">
          <reporter-output>
          </reporter-output>
        </test-method> <!-- checkCart -->
        <test-method status="PASS" signature="close()[pri:0, instance:testCases.StudyToCart@3ba987b8]" name="close" is-config="true" duration-ms="1155" started-at="2021-09-26T20:48:27Z" finished-at="2021-09-26T20:48:28Z">
          <reporter-output>
          </reporter-output>
        </test-method> <!-- close -->
      </class> <!-- testCases.StudyToCart -->
    </test> <!-- AddProductToCart -->
    <test name="CheckSaleForAllProducts" duration-ms="21409" started-at="2021-09-26T20:48:28Z" finished-at="2021-09-26T20:48:49Z">
      <class name="testCases.SelectAllSale">
        <test-method status="PASS" signature="openBrowser()[pri:0, instance:testCases.SelectAllSale@18271936]" name="openBrowser" is-config="true" duration-ms="4196" started-at="2021-09-26T20:48:28Z" finished-at="2021-09-26T20:48:32Z">
          <reporter-output>
          </reporter-output>
        </test-method> <!-- openBrowser -->
        <test-method status="PASS" signature="clickSale()[pri:1, instance:testCases.SelectAllSale@18271936]" name="clickSale" duration-ms="16023" started-at="2021-09-26T20:48:32Z" finished-at="2021-09-26T20:48:48Z">
          <reporter-output>
          </reporter-output>
        </test-method> <!-- clickSale -->
        <test-method status="PASS" signature="getTitle()[pri:2, instance:testCases.SelectAllSale@18271936]" name="getTitle" duration-ms="220" started-at="2021-09-26T20:48:48Z" finished-at="2021-09-26T20:48:48Z">
          <reporter-output>
          </reporter-output>
        </test-method> <!-- getTitle -->
        <test-method status="PASS" signature="close()[pri:0, instance:testCases.SelectAllSale@18271936]" name="close" is-config="true" duration-ms="966" started-at="2021-09-26T20:48:48Z" finished-at="2021-09-26T20:48:49Z">
          <reporter-output>
          </reporter-output>
        </test-method> <!-- close -->
      </class> <!-- testCases.SelectAllSale -->
    </test> <!-- CheckSaleForAllProducts -->
    <test name="TrackingOrder" duration-ms="49006" started-at="2021-09-26T20:48:49Z" finished-at="2021-09-26T20:49:38Z">
      <class name="testCases.TrackOrder">
        <test-method status="PASS" signature="openBrowser()[pri:0, instance:testCases.TrackOrder@2cb4893b]" name="openBrowser" is-config="true" duration-ms="5260" started-at="2021-09-26T20:48:50Z" finished-at="2021-09-26T20:48:55Z">
          <reporter-output>
          </reporter-output>
        </test-method> <!-- openBrowser -->
        <test-method status="PASS" signature="submitOrderDetails(java.lang.String, java.lang.String)[pri:0, instance:testCases.TrackOrder@2cb4893b]" name="submitOrderDetails" duration-ms="19329" started-at="2021-09-26T20:48:55Z" data-provider="testData" finished-at="2021-09-26T20:49:14Z">
          <params>
            <param index="0">
              <value>
                <![CDATA[1234.0]]>
              </value>
            </param>
            <param index="1">
              <value>
                <![CDATA[9.944758326E9]]>
              </value>
            </param>
          </params>
          <reporter-output>
          </reporter-output>
        </test-method> <!-- submitOrderDetails -->
        <test-method status="PASS" signature="end()[pri:0, instance:testCases.TrackOrder@2cb4893b]" name="end" is-config="true" duration-ms="952" started-at="2021-09-26T20:49:14Z" finished-at="2021-09-26T20:49:15Z">
          <reporter-output>
          </reporter-output>
        </test-method> <!-- end -->
        <test-method status="PASS" signature="openBrowser()[pri:0, instance:testCases.TrackOrder@2cb4893b]" name="openBrowser" is-config="true" duration-ms="3688" started-at="2021-09-26T20:49:15Z" finished-at="2021-09-26T20:49:19Z">
          <reporter-output>
          </reporter-output>
        </test-method> <!-- openBrowser -->
        <test-method status="PASS" signature="submitOrderDetails(java.lang.String, java.lang.String)[pri:0, instance:testCases.TrackOrder@2cb4893b]" name="submitOrderDetails" duration-ms="18841" started-at="2021-09-26T20:49:19Z" data-provider="testData" finished-at="2021-09-26T20:49:38Z">
          <params>
            <param index="0">
              <value>
                <![CDATA[5678.0]]>
              </value>
            </param>
            <param index="1">
              <value>
                <![CDATA[9.944758326E9]]>
              </value>
            </param>
          </params>
          <reporter-output>
          </reporter-output>
        </test-method> <!-- submitOrderDetails -->
        <test-method status="PASS" signature="end()[pri:0, instance:testCases.TrackOrder@2cb4893b]" name="end" is-config="true" duration-ms="853" started-at="2021-09-26T20:49:38Z" finished-at="2021-09-26T20:49:38Z">
          <reporter-output>
          </reporter-output>
        </test-method> <!-- end -->
      </class> <!-- testCases.TrackOrder -->
    </test> <!-- TrackingOrder -->
    <test name="SendingGiftCard" duration-ms="24776" started-at="2021-09-26T20:49:38Z" finished-at="2021-09-26T20:50:03Z">
      <class name="testCases.GiftCard">
        <test-method status="PASS" signature="openBrowser()[pri:0, instance:testCases.GiftCard@33bc72d1]" name="openBrowser" is-config="true" duration-ms="3895" started-at="2021-09-26T20:49:38Z" finished-at="2021-09-26T20:49:42Z">
          <reporter-output>
          </reporter-output>
        </test-method> <!-- openBrowser -->
        <test-method status="PASS" signature="selectGiftCard()[pri:1, instance:testCases.GiftCard@33bc72d1]" name="selectGiftCard" duration-ms="16655" started-at="2021-09-26T20:49:42Z" finished-at="2021-09-26T20:49:59Z">
          <reporter-output>
          </reporter-output>
        </test-method> <!-- selectGiftCard -->
        <test-method status="PASS" signature="selectEvent()[pri:2, instance:testCases.GiftCard@33bc72d1]" name="selectEvent" duration-ms="356" started-at="2021-09-26T20:49:59Z" finished-at="2021-09-26T20:49:59Z">
          <reporter-output>
          </reporter-output>
        </test-method> <!-- selectEvent -->
        <test-method status="PASS" signature="enterAmount()[pri:3, instance:testCases.GiftCard@33bc72d1]" name="enterAmount" duration-ms="644" started-at="2021-09-26T20:49:59Z" finished-at="2021-09-26T20:50:00Z">
          <reporter-output>
          </reporter-output>
        </test-method> <!-- enterAmount -->
        <test-method status="PASS" signature="clickNext()[pri:4, instance:testCases.GiftCard@33bc72d1]" name="clickNext" duration-ms="272" started-at="2021-09-26T20:50:00Z" finished-at="2021-09-26T20:50:00Z">
          <reporter-output>
          </reporter-output>
        </test-method> <!-- clickNext -->
        <test-method status="PASS" signature="enterDetails()[pri:5, instance:testCases.GiftCard@33bc72d1]" name="enterDetails" duration-ms="2030" started-at="2021-09-26T20:50:00Z" finished-at="2021-09-26T20:50:02Z">
          <reporter-output>
          </reporter-output>
        </test-method> <!-- enterDetails -->
        <test-method status="PASS" signature="close()[pri:0, instance:testCases.GiftCard@33bc72d1]" name="close" is-config="true" duration-ms="917" started-at="2021-09-26T20:50:02Z" finished-at="2021-09-26T20:50:03Z">
          <reporter-output>
          </reporter-output>
        </test-method> <!-- close -->
      </class> <!-- testCases.GiftCard -->
    </test> <!-- SendingGiftCard -->
    <test name="EnquireAboutStores" duration-ms="11870" started-at="2021-09-26T20:50:03Z" finished-at="2021-09-26T20:50:15Z">
      <class name="testCases.ViewStores">
        <test-method status="PASS" signature="openBrowser()[pri:0, instance:testCases.ViewStores@57a78e3]" name="openBrowser" is-config="true" duration-ms="3677" started-at="2021-09-26T20:50:03Z" finished-at="2021-09-26T20:50:07Z">
          <reporter-output>
          </reporter-output>
        </test-method> <!-- openBrowser -->
        <test-method status="PASS" signature="clickStore()[pri:0, instance:testCases.ViewStores@57a78e3]" name="clickStore" duration-ms="4728" started-at="2021-09-26T20:50:07Z" finished-at="2021-09-26T20:50:12Z">
          <reporter-output>
          </reporter-output>
        </test-method> <!-- clickStore -->
        <test-method status="PASS" signature="selectLocation()[pri:0, instance:testCases.ViewStores@57a78e3]" name="selectLocation" duration-ms="2543" started-at="2021-09-26T20:50:12Z" finished-at="2021-09-26T20:50:14Z">
          <reporter-output>
          </reporter-output>
        </test-method> <!-- selectLocation -->
        <test-method status="PASS" signature="close()[pri:0, instance:testCases.ViewStores@57a78e3]" name="close" is-config="true" duration-ms="917" started-at="2021-09-26T20:50:14Z" finished-at="2021-09-26T20:50:15Z">
          <reporter-output>
          </reporter-output>
        </test-method> <!-- close -->
      </class> <!-- testCases.ViewStores -->
    </test> <!-- EnquireAboutStores -->
    <test name="ViewInstagramPage" duration-ms="19548" started-at="2021-09-26T20:50:15Z" finished-at="2021-09-26T20:50:35Z">
      <class name="testCases.Instagram">
        <test-method status="PASS" signature="openBrowser()[pri:0, instance:testCases.Instagram@cecf639]" name="openBrowser" is-config="true" duration-ms="3728" started-at="2021-09-26T20:50:15Z" finished-at="2021-09-26T20:50:19Z">
          <reporter-output>
          </reporter-output>
        </test-method> <!-- openBrowser -->
        <test-method status="PASS" signature="openInstagramPage()[pri:0, instance:testCases.Instagram@cecf639]" name="openInstagramPage" duration-ms="14942" started-at="2021-09-26T20:50:19Z" finished-at="2021-09-26T20:50:34Z">
          <reporter-output>
          </reporter-output>
        </test-method> <!-- openInstagramPage -->
        <test-method status="PASS" signature="close()[pri:0, instance:testCases.Instagram@cecf639]" name="close" is-config="true" duration-ms="877" started-at="2021-09-26T20:50:34Z" finished-at="2021-09-26T20:50:35Z">
          <reporter-output>
          </reporter-output>
        </test-method> <!-- close -->
      </class> <!-- testCases.Instagram -->
    </test> <!-- ViewInstagramPage -->
    <test name="SelectApplicationToDownloadFrom" duration-ms="22583" started-at="2021-09-26T20:50:35Z" finished-at="2021-09-26T20:50:57Z">
      <class name="testCases.SelectApplicationStore">
        <test-method status="PASS" signature="openBrowser()[pri:0, instance:testCases.SelectApplicationStore@6e9a5ed8]" name="openBrowser" is-config="true" duration-ms="3303" started-at="2021-09-26T20:50:35Z" finished-at="2021-09-26T20:50:38Z">
          <reporter-output>
          </reporter-output>
        </test-method> <!-- openBrowser -->
        <test-method status="PASS" signature="openApplicationStore()[pri:0, instance:testCases.SelectApplicationStore@6e9a5ed8]" name="openApplicationStore" duration-ms="18447" started-at="2021-09-26T20:50:38Z" finished-at="2021-09-26T20:50:56Z">
          <reporter-output>
          </reporter-output>
        </test-method> <!-- openApplicationStore -->
        <test-method status="PASS" signature="close()[pri:0, instance:testCases.SelectApplicationStore@6e9a5ed8]" name="close" is-config="true" duration-ms="827" started-at="2021-09-26T20:50:56Z" finished-at="2021-09-26T20:50:57Z">
          <reporter-output>
          </reporter-output>
        </test-method> <!-- close -->
      </class> <!-- testCases.SelectApplicationStore -->
    </test> <!-- SelectApplicationToDownloadFrom -->
  </suite> <!-- Suite -->
</testng-results>
