<!DOCTYPE html PUBLIC "-//W3C//DTD XHTML 1.1//EN" "https://www.w3.org/TR/xhtml11/DTD/xhtml11.dtd">
<html xmlns="https://www.w3.org/1999/xhtml">
<head>
<meta http-equiv="content-type" content="text/html; charset=UTF-8"/>
<title>TestNG Report</title>
<style type="text/css">table {margin-bottom:10px;border-collapse:collapse;empty-cells:show}th,td {border:1px solid #009;padding:.25em .5em}th {vertical-align:bottom}td {vertical-align:top}table a {font-weight:bold}.stripe td {background-color: #E6EBF9}.num {text-align:right}.passedodd td {background-color: #3F3}.passedeven td {background-color: #0A0}.skippedodd td {background-color: #DDD}.skippedeven td {background-color: #CCC}.failedodd td,.attn {background-color: #F33}.failedeven td,.stripe .attn {background-color: #D00}.stacktrace {white-space:pre;font-family:monospace}.totop {font-size:85%;text-align:center;border-bottom:2px solid #000}.invisible {display:none}</style>
</head>
<body>
<table>
<tr><th>Test</th><th># Passed</th><th># Skipped</th><th># Retried</th><th># Failed</th><th>Time (ms)</th><th>Included Groups</th><th>Excluded Groups</th></tr>
<tr><th colspan="8">Suite</th></tr>
<tr><td><a href="#t0">UserLogin</a></td><td class="num">0</td><td class="num">0</td><td class="num">0</td><td class="num attn">2</td><td class="num">54,908</td><td></td><td></td></tr>
<tr class="stripe"><td><a href="#t1">UserSignInUsingFacebook</a></td><td class="num">2</td><td class="num">0</td><td class="num">0</td><td class="num">0</td><td class="num">42,955</td><td></td><td></td></tr>
<tr><td><a href="#t2">UserSignInUsingGoogle</a></td><td class="num">0</td><td class="num">0</td><td class="num">0</td><td class="num attn">2</td><td class="num">62,016</td><td></td><td></td></tr>
<tr class="stripe"><td><a href="#t3">AddProductToCart</a></td><td class="num">1</td><td class="num">0</td><td class="num">0</td><td class="num">0</td><td class="num">31,908</td><td></td><td></td></tr>
<tr><td><a href="#t4">CheckSaleForAllProducts</a></td><td class="num">2</td><td class="num">0</td><td class="num">0</td><td class="num">0</td><td class="num">22,812</td><td></td><td></td></tr>
<tr class="stripe"><td><a href="#t5">TrackingOrder</a></td><td class="num">2</td><td class="num">0</td><td class="num">0</td><td class="num">0</td><td class="num">53,476</td><td></td><td></td></tr>
<tr><td><a href="#t6">SendingGiftCard</a></td><td class="num">5</td><td class="num">0</td><td class="num">0</td><td class="num">0</td><td class="num">25,480</td><td></td><td></td></tr>
<tr class="stripe"><td><a href="#t7">EnquireAboutStores</a></td><td class="num">2</td><td class="num">0</td><td class="num">0</td><td class="num">0</td><td class="num">11,713</td><td></td><td></td></tr>
<tr><td><a href="#t8">ViewInstagramPage</a></td><td class="num">1</td><td class="num">0</td><td class="num">0</td><td class="num">0</td><td class="num">21,107</td><td></td><td></td></tr>
<tr class="stripe"><td><a href="#t9">SelectApplicationToDownloadFrom</a></td><td class="num">1</td><td class="num">0</td><td class="num">0</td><td class="num">0</td><td class="num">21,608</td><td></td><td></td></tr>
<tr><th>Total</th><th class="num">16</th><th class="num">0</th><th class="num">0</th><th class="num attn">4</th><th class="num">347,983</th><th colspan="2"></th></tr>
</table>
<table id='summary'><thead><tr><th>Class</th><th>Method</th><th>Start</th><th>Time (ms)</th></tr></thead><tbody><tr><th colspan="4">Suite</th></tr></tbody><tbody id="t0"><tr><th colspan="4">UserLogin &#8212; failed</th></tr><tr class="failedeven"><td rowspan="2">testCases.Login</td><td><a href="#m0">userLogin</a></td><td rowspan="2">1632669315219</td><td rowspan="2">19587</td></tr><tr class="failedeven"><td><a href="#m1">userLogin</a></td></tr></tbody>
<tbody id="t1"><tr><th colspan="4">UserSignInUsingFacebook &#8212; passed</th></tr><tr class="passedeven"><td rowspan="2">testCases.SignInFacebook</td><td><a href="#m2">fbSignIn</a></td><td rowspan="2">1632669366961</td><td rowspan="2">14704</td></tr><tr class="passedeven"><td><a href="#m3">fbSignIn</a></td></tr></tbody>
<tbody id="t2"><tr><th colspan="4">UserSignInUsingGoogle &#8212; failed</th></tr><tr class="failedeven"><td rowspan="2">testCases.SignInGoogle</td><td><a href="#m4">gSignIn</a></td><td rowspan="2">1632669409726</td><td rowspan="2">25698</td></tr><tr class="failedeven"><td><a href="#m5">gSignIn</a></td></tr></tbody>
<tbody id="t3"><tr><th colspan="4">AddProductToCart &#8212; passed</th></tr><tr class="passedeven"><td rowspan="1">testCases.StudyToCart</td><td><a href="#m6">checkCart</a></td><td rowspan="1">1632669470983</td><td rowspan="1">26647</td></tr></tbody>
<tbody id="t4"><tr><th colspan="4">CheckSaleForAllProducts &#8212; passed</th></tr><tr class="passedeven"><td rowspan="2">testCases.SelectAllSale</td><td><a href="#m7">clickSale</a></td><td rowspan="1">1632669503473</td><td rowspan="1">17001</td></tr><tr class="passedeven"><td><a href="#m8">getTitle</a></td><td rowspan="1">1632669520476</td><td rowspan="1">71</td></tr></tbody>
<tbody id="t5"><tr><th colspan="4">TrackingOrder &#8212; passed</th></tr><tr class="passedeven"><td rowspan="2">testCases.TrackOrder</td><td><a href="#m9">submitOrderDetails</a></td><td rowspan="2">1632669525491</td><td rowspan="2">20311</td></tr><tr class="passedeven"><td><a href="#m10">submitOrderDetails</a></td></tr></tbody>
<tbody id="t6"><tr><th colspan="4">SendingGiftCard &#8212; passed</th></tr><tr class="passedeven"><td rowspan="5">testCases.GiftCard</td><td><a href="#m11">clickNext</a></td><td rowspan="1">1632669597225</td><td rowspan="1">423</td></tr><tr class="passedeven"><td><a href="#m12">enterAmount</a></td><td rowspan="1">1632669596739</td><td rowspan="1">485</td></tr><tr class="passedeven"><td><a href="#m13">enterDetails</a></td><td rowspan="1">1632669597653</td><td rowspan="1">1668</td></tr><tr class="passedeven"><td><a href="#m14">selectEvent</a></td><td rowspan="1">1632669596263</td><td rowspan="1">472</td></tr><tr class="passedeven"><td><a href="#m15">selectGiftCard</a></td><td rowspan="1">1632669579877</td><td rowspan="1">16382</td></tr></tbody>
<tbody id="t7"><tr><th colspan="4">EnquireAboutStores &#8212; passed</th></tr><tr class="passedeven"><td rowspan="2">testCases.ViewStores</td><td><a href="#m16">clickStore</a></td><td rowspan="1">1632669605185</td><td rowspan="1">4076</td></tr><tr class="passedeven"><td><a href="#m17">selectLocation</a></td><td rowspan="1">1632669609262</td><td rowspan="1">2054</td></tr></tbody>
<tbody id="t8"><tr><th colspan="4">ViewInstagramPage &#8212; passed</th></tr><tr class="passedeven"><td rowspan="1">testCases.Instagram</td><td><a href="#m18">openInstagramPage</a></td><td rowspan="1">1632669616917</td><td rowspan="1">15390</td></tr></tbody>
<tbody id="t9"><tr><th colspan="4">SelectApplicationToDownloadFrom &#8212; passed</th></tr><tr class="passedeven"><td rowspan="1">testCases.SelectApplicationStore</td><td><a href="#m19">openApplicationStore</a></td><td rowspan="1">1632669636844</td><td rowspan="1">17117</td></tr></tbody>
</table>
<h2>UserLogin</h2><h3 id="m0">testCases.Login#userLogin</h3><table class="result"><tr class="param"><th>Parameter #1</th><th>Parameter #2</th></tr><tr class="param stripe"><td>amanpandey1504@gmail.com</td><td>pass#word1</td></tr><tr><th colspan="2">Exception</th></tr><tr><td colspan="2"><div class="stacktrace">org.openqa.selenium.ElementNotInteractableException: element not interactable
  (Session info: chrome=93.0.4577.82)
Build info: version: &apos;3.141.59&apos;, revision: &apos;e82be7d358&apos;, time: &apos;2018-11-14T08:17:03&apos;
System info: host: &apos;LAB-63761862547&apos;, ip: &apos;172.18.24.55&apos;, os.name: &apos;Windows 10&apos;, os.arch: &apos;amd64&apos;, os.version: &apos;10.0&apos;, java.version: &apos;11.0.11&apos;
Driver info: org.openqa.selenium.chrome.ChromeDriver
Capabilities {acceptInsecureCerts: false, browserName: chrome, browserVersion: 93.0.4577.82, chrome: {chromedriverVersion: 92.0.4515.107 (87a818b10553..., userDataDir: C:\Users\User\AppData\Local...}, goog:chromeOptions: {debuggerAddress: localhost:61741}, javascriptEnabled: true, networkConnectionEnabled: false, pageLoadStrategy: normal, platform: WINDOWS, platformName: WINDOWS, proxy: Proxy(), setWindowRect: true, strictFileInteractability: false, timeouts: {implicit: 0, pageLoad: 300000, script: 30000}, unhandledPromptBehavior: dismiss and notify, webauthn:extension:credBlob: true, webauthn:extension:largeBlob: true, webauthn:virtualAuthenticators: true}
Session ID: 14c5a332ce5207d5b8bd0fc9d4c63eb3
	at org.openqa.selenium.remote.http.W3CHttpResponseCodec.createException(W3CHttpResponseCodec.java:187)
	at org.openqa.selenium.remote.http.W3CHttpResponseCodec.decode(W3CHttpResponseCodec.java:122)
	at org.openqa.selenium.remote.http.W3CHttpResponseCodec.decode(W3CHttpResponseCodec.java:49)
	at org.openqa.selenium.remote.HttpCommandExecutor.execute(HttpCommandExecutor.java:158)
	at org.openqa.selenium.remote.service.DriverCommandExecutor.execute(DriverCommandExecutor.java:83)
	at org.openqa.selenium.remote.RemoteWebDriver.execute(RemoteWebDriver.java:552)
	at org.openqa.selenium.remote.RemoteWebElement.execute(RemoteWebElement.java:285)
	at org.openqa.selenium.remote.RemoteWebElement.sendKeys(RemoteWebElement.java:106)
	at testCases.Login.userLogin(Login.java:40)
	at java.base/java.util.ArrayList.forEach(ArrayList.java:1541)
... Removed 31 stack frames</div></td></tr></table><p class="totop"><a href="#summary">back to summary</a></p>
<h3 id="m1">testCases.Login#userLogin</h3><table class="result"><tr class="param"><th>Parameter #1</th><th>Parameter #2</th></tr><tr class="param stripe"><td>amanpandey1504@gmail.com</td><td>qwerty1234</td></tr><tr><th colspan="2">Exception</th></tr><tr><td colspan="2"><div class="stacktrace">org.openqa.selenium.ElementNotInteractableException: element not interactable
  (Session info: chrome=93.0.4577.82)
Build info: version: &apos;3.141.59&apos;, revision: &apos;e82be7d358&apos;, time: &apos;2018-11-14T08:17:03&apos;
System info: host: &apos;LAB-63761862547&apos;, ip: &apos;172.18.24.55&apos;, os.name: &apos;Windows 10&apos;, os.arch: &apos;amd64&apos;, os.version: &apos;10.0&apos;, java.version: &apos;11.0.11&apos;
Driver info: org.openqa.selenium.chrome.ChromeDriver
Capabilities {acceptInsecureCerts: false, browserName: chrome, browserVersion: 93.0.4577.82, chrome: {chromedriverVersion: 92.0.4515.107 (87a818b10553..., userDataDir: C:\Users\User\AppData\Local...}, goog:chromeOptions: {debuggerAddress: localhost:56438}, javascriptEnabled: true, networkConnectionEnabled: false, pageLoadStrategy: normal, platform: WINDOWS, platformName: WINDOWS, proxy: Proxy(), setWindowRect: true, strictFileInteractability: false, timeouts: {implicit: 0, pageLoad: 300000, script: 30000}, unhandledPromptBehavior: dismiss and notify, webauthn:extension:credBlob: true, webauthn:extension:largeBlob: true, webauthn:virtualAuthenticators: true}
Session ID: 7ae32a0e5fb72c9fdb846f0b8fcdc951
	at org.openqa.selenium.remote.http.W3CHttpResponseCodec.createException(W3CHttpResponseCodec.java:187)
	at org.openqa.selenium.remote.http.W3CHttpResponseCodec.decode(W3CHttpResponseCodec.java:122)
	at org.openqa.selenium.remote.http.W3CHttpResponseCodec.decode(W3CHttpResponseCodec.java:49)
	at org.openqa.selenium.remote.HttpCommandExecutor.execute(HttpCommandExecutor.java:158)
	at org.openqa.selenium.remote.service.DriverCommandExecutor.execute(DriverCommandExecutor.java:83)
	at org.openqa.selenium.remote.RemoteWebDriver.execute(RemoteWebDriver.java:552)
	at org.openqa.selenium.remote.RemoteWebElement.execute(RemoteWebElement.java:285)
	at org.openqa.selenium.remote.RemoteWebElement.sendKeys(RemoteWebElement.java:106)
	at testCases.Login.userLogin(Login.java:40)
	at java.base/java.util.ArrayList.forEach(ArrayList.java:1541)
... Removed 31 stack frames</div></td></tr></table><p class="totop"><a href="#summary">back to summary</a></p>
<h2>UserSignInUsingFacebook</h2><h3 id="m2">testCases.SignInFacebook#fbSignIn</h3><table class="result"><tr class="param"><th>Parameter #1</th><th>Parameter #2</th></tr><tr class="param stripe"><td>amanpandey1504@gmail.com</td><td>pass#word1</td></tr></table><p class="totop"><a href="#summary">back to summary</a></p>
<h3 id="m3">testCases.SignInFacebook#fbSignIn</h3><table class="result"><tr class="param"><th>Parameter #1</th><th>Parameter #2</th></tr><tr class="param stripe"><td>amanpandey1504@gmail.com</td><td>qwerty1234</td></tr></table><p class="totop"><a href="#summary">back to summary</a></p>
<h2>UserSignInUsingGoogle</h2><h3 id="m4">testCases.SignInGoogle#gSignIn</h3><table class="result"><tr class="param"><th>Parameter #1</th><th>Parameter #2</th></tr><tr class="param stripe"><td>amanpandey1504@gmail.com</td><td>pass#word1</td></tr><tr><th colspan="2">Exception</th></tr><tr><td colspan="2"><div class="stacktrace">org.openqa.selenium.NoSuchElementException: no such element: Unable to locate element: {&quot;method&quot;:&quot;xpath&quot;,&quot;selector&quot;:&quot;//input[@name=&apos;password&apos;]&quot;}
  (Session info: chrome=93.0.4577.82)
For documentation on this error, please visit: https://www.seleniumhq.org/exceptions/no_such_element.html
Build info: version: &apos;3.141.59&apos;, revision: &apos;e82be7d358&apos;, time: &apos;2018-11-14T08:17:03&apos;
System info: host: &apos;LAB-63761862547&apos;, ip: &apos;172.18.24.55&apos;, os.name: &apos;Windows 10&apos;, os.arch: &apos;amd64&apos;, os.version: &apos;10.0&apos;, java.version: &apos;11.0.11&apos;
Driver info: org.openqa.selenium.chrome.ChromeDriver
Capabilities {acceptInsecureCerts: false, browserName: chrome, browserVersion: 93.0.4577.82, chrome: {chromedriverVersion: 92.0.4515.107 (87a818b10553..., userDataDir: C:\Users\User\AppData\Local...}, goog:chromeOptions: {debuggerAddress: localhost:54315}, javascriptEnabled: true, networkConnectionEnabled: false, pageLoadStrategy: normal, platform: WINDOWS, platformName: WINDOWS, proxy: Proxy(), setWindowRect: true, strictFileInteractability: false, timeouts: {implicit: 0, pageLoad: 300000, script: 30000}, unhandledPromptBehavior: dismiss and notify, webauthn:extension:credBlob: true, webauthn:extension:largeBlob: true, webauthn:virtualAuthenticators: true}
Session ID: 9996bf9fc4382aa864a48150d0a6692c
*** Element info: {Using=xpath, value=//input[@name=&apos;password&apos;]}
	at org.openqa.selenium.remote.http.W3CHttpResponseCodec.createException(W3CHttpResponseCodec.java:187)
	at org.openqa.selenium.remote.http.W3CHttpResponseCodec.decode(W3CHttpResponseCodec.java:122)
	at org.openqa.selenium.remote.http.W3CHttpResponseCodec.decode(W3CHttpResponseCodec.java:49)
	at org.openqa.selenium.remote.HttpCommandExecutor.execute(HttpCommandExecutor.java:158)
	at org.openqa.selenium.remote.service.DriverCommandExecutor.execute(DriverCommandExecutor.java:83)
	at org.openqa.selenium.remote.RemoteWebDriver.execute(RemoteWebDriver.java:552)
	at org.openqa.selenium.remote.RemoteWebDriver.findElement(RemoteWebDriver.java:323)
	at org.openqa.selenium.remote.RemoteWebDriver.findElementByXPath(RemoteWebDriver.java:428)
	at org.openqa.selenium.By$ByXPath.findElement(By.java:353)
	at org.openqa.selenium.remote.RemoteWebDriver.findElement(RemoteWebDriver.java:315)
	at pageObjects.SignInGoogleObject.getPassword(SignInGoogleObject.java:29)
	at testCases.SignInGoogle.gSignIn(SignInGoogle.java:42)
	at java.base/java.util.ArrayList.forEach(ArrayList.java:1541)
... Removed 31 stack frames</div></td></tr></table><p class="totop"><a href="#summary">back to summary</a></p>
<h3 id="m5">testCases.SignInGoogle#gSignIn</h3><table class="result"><tr class="param"><th>Parameter #1</th><th>Parameter #2</th></tr><tr class="param stripe"><td>amanpandey1504@gmail.com</td><td>qwerty1234</td></tr><tr><th colspan="2">Exception</th></tr><tr><td colspan="2"><div class="stacktrace">org.openqa.selenium.NoSuchElementException: no such element: Unable to locate element: {&quot;method&quot;:&quot;xpath&quot;,&quot;selector&quot;:&quot;//input[@name=&apos;password&apos;]&quot;}
  (Session info: chrome=93.0.4577.82)
For documentation on this error, please visit: https://www.seleniumhq.org/exceptions/no_such_element.html
Build info: version: &apos;3.141.59&apos;, revision: &apos;e82be7d358&apos;, time: &apos;2018-11-14T08:17:03&apos;
System info: host: &apos;LAB-63761862547&apos;, ip: &apos;172.18.24.55&apos;, os.name: &apos;Windows 10&apos;, os.arch: &apos;amd64&apos;, os.version: &apos;10.0&apos;, java.version: &apos;11.0.11&apos;
Driver info: org.openqa.selenium.chrome.ChromeDriver
Capabilities {acceptInsecureCerts: false, browserName: chrome, browserVersion: 93.0.4577.82, chrome: {chromedriverVersion: 92.0.4515.107 (87a818b10553..., userDataDir: C:\Users\User\AppData\Local...}, goog:chromeOptions: {debuggerAddress: localhost:51003}, javascriptEnabled: true, networkConnectionEnabled: false, pageLoadStrategy: normal, platform: WINDOWS, platformName: WINDOWS, proxy: Proxy(), setWindowRect: true, strictFileInteractability: false, timeouts: {implicit: 0, pageLoad: 300000, script: 30000}, unhandledPromptBehavior: dismiss and notify, webauthn:extension:credBlob: true, webauthn:extension:largeBlob: true, webauthn:virtualAuthenticators: true}
Session ID: a7e27a9a848dbb69f907b30e91009a38
*** Element info: {Using=xpath, value=//input[@name=&apos;password&apos;]}
	at org.openqa.selenium.remote.http.W3CHttpResponseCodec.createException(W3CHttpResponseCodec.java:187)
	at org.openqa.selenium.remote.http.W3CHttpResponseCodec.decode(W3CHttpResponseCodec.java:122)
	at org.openqa.selenium.remote.http.W3CHttpResponseCodec.decode(W3CHttpResponseCodec.java:49)
	at org.openqa.selenium.remote.HttpCommandExecutor.execute(HttpCommandExecutor.java:158)
	at org.openqa.selenium.remote.service.DriverCommandExecutor.execute(DriverCommandExecutor.java:83)
	at org.openqa.selenium.remote.RemoteWebDriver.execute(RemoteWebDriver.java:552)
	at org.openqa.selenium.remote.RemoteWebDriver.findElement(RemoteWebDriver.java:323)
	at org.openqa.selenium.remote.RemoteWebDriver.findElementByXPath(RemoteWebDriver.java:428)
	at org.openqa.selenium.By$ByXPath.findElement(By.java:353)
	at org.openqa.selenium.remote.RemoteWebDriver.findElement(RemoteWebDriver.java:315)
	at pageObjects.SignInGoogleObject.getPassword(SignInGoogleObject.java:29)
	at testCases.SignInGoogle.gSignIn(SignInGoogle.java:42)
	at java.base/java.util.ArrayList.forEach(ArrayList.java:1541)
... Removed 31 stack frames</div></td></tr></table><p class="totop"><a href="#summary">back to summary</a></p>
<h2>AddProductToCart</h2><h3 id="m6">testCases.StudyToCart#checkCart</h3><table class="result"><tr><th class="invisible"/></tr></table><p class="totop"><a href="#summary">back to summary</a></p>
<h2>CheckSaleForAllProducts</h2><h3 id="m7">testCases.SelectAllSale#clickSale</h3><table class="result"><tr><th class="invisible"/></tr></table><p class="totop"><a href="#summary">back to summary</a></p>
<h3 id="m8">testCases.SelectAllSale#getTitle</h3><table class="result"><tr><th class="invisible"/></tr></table><p class="totop"><a href="#summary">back to summary</a></p>
<h2>TrackingOrder</h2><h3 id="m9">testCases.TrackOrder#submitOrderDetails</h3><table class="result"><tr class="param"><th>Parameter #1</th><th>Parameter #2</th></tr><tr class="param stripe"><td>1234.0</td><td>9.944758326E9</td></tr></table><p class="totop"><a href="#summary">back to summary</a></p>
<h3 id="m10">testCases.TrackOrder#submitOrderDetails</h3><table class="result"><tr class="param"><th>Parameter #1</th><th>Parameter #2</th></tr><tr class="param stripe"><td>5678.0</td><td>9.944758326E9</td></tr></table><p class="totop"><a href="#summary">back to summary</a></p>
<h2>SendingGiftCard</h2><h3 id="m11">testCases.GiftCard#clickNext</h3><table class="result"><tr><th class="invisible"/></tr></table><p class="totop"><a href="#summary">back to summary</a></p>
<h3 id="m12">testCases.GiftCard#enterAmount</h3><table class="result"><tr><th class="invisible"/></tr></table><p class="totop"><a href="#summary">back to summary</a></p>
<h3 id="m13">testCases.GiftCard#enterDetails</h3><table class="result"><tr><th class="invisible"/></tr></table><p class="totop"><a href="#summary">back to summary</a></p>
<h3 id="m14">testCases.GiftCard#selectEvent</h3><table class="result"><tr><th class="invisible"/></tr></table><p class="totop"><a href="#summary">back to summary</a></p>
<h3 id="m15">testCases.GiftCard#selectGiftCard</h3><table class="result"><tr><th class="invisible"/></tr></table><p class="totop"><a href="#summary">back to summary</a></p>
<h2>EnquireAboutStores</h2><h3 id="m16">testCases.ViewStores#clickStore</h3><table class="result"><tr><th class="invisible"/></tr></table><p class="totop"><a href="#summary">back to summary</a></p>
<h3 id="m17">testCases.ViewStores#selectLocation</h3><table class="result"><tr><th class="invisible"/></tr></table><p class="totop"><a href="#summary">back to summary</a></p>
<h2>ViewInstagramPage</h2><h3 id="m18">testCases.Instagram#openInstagramPage</h3><table class="result"><tr><th class="invisible"/></tr></table><p class="totop"><a href="#summary">back to summary</a></p>
<h2>SelectApplicationToDownloadFrom</h2><h3 id="m19">testCases.SelectApplicationStore#openApplicationStore</h3><table class="result"><tr><th class="invisible"/></tr></table><p class="totop"><a href="#summary">back to summary</a></p>
</body>
</html>
