<?xml version="1.0" encoding="UTF-8"?>
<testng-results ignored="0" total="20" passed="16" failed="4" skipped="0">
  <reporter-output>
  </reporter-output>
  <suite started-at="2021-09-26T20:45:06 IST" name="Suite" finished-at="2021-09-26T20:50:54 IST" duration-ms="348162">
    <groups>
    </groups>
    <test started-at="2021-09-26T20:45:06 IST" name="UserLogin" finished-at="2021-09-26T20:46:01 IST" duration-ms="54908">
      <class name="testCases.Login">
        <test-method is-config="true" signature="openBrowser()[pri:0, instance:testCases.Login@1252b961]" started-at="2021-09-26T20:45:08 IST" name="openBrowser" finished-at="2021-09-26T20:45:15 IST" duration-ms="7057" status="PASS">
          <reporter-output>
          </reporter-output>
        </test-method> <!-- openBrowser -->
        <test-method signature="userLogin(java.lang.String,java.lang.String)[pri:0, instance:testCases.Login@1252b961]" started-at="2021-09-26T20:45:15 IST" name="userLogin" data-provider="testData" finished-at="2021-09-26T20:45:34 IST" duration-ms="19587" status="FAIL">
          <params>
            <param index="0">
              <value>
                <![CDATA[amanpandey1504@gmail.com]]>
              </value>
            </param>
            <param index="1">
              <value>
                <![CDATA[pass#word1]]>
              </value>
            </param>
          </params>
          <exception class="org.openqa.selenium.ElementNotInteractableException">
            <message>
              <![CDATA[element not interactable
  (Session info: chrome=93.0.4577.82)
Build info: version: '3.141.59', revision: 'e82be7d358', time: '2018-11-14T08:17:03'
System info: host: 'LAB-63761862547', ip: '172.18.24.55', os.name: 'Windows 10', os.arch: 'amd64', os.version: '10.0', java.version: '11.0.11'
Driver info: org.openqa.selenium.chrome.ChromeDriver
Capabilities {acceptInsecureCerts: false, browserName: chrome, browserVersion: 93.0.4577.82, chrome: {chromedriverVersion: 92.0.4515.107 (87a818b10553..., userDataDir: C:\Users\User\AppData\Local...}, goog:chromeOptions: {debuggerAddress: localhost:61741}, javascriptEnabled: true, networkConnectionEnabled: false, pageLoadStrategy: normal, platform: WINDOWS, platformName: WINDOWS, proxy: Proxy(), setWindowRect: true, strictFileInteractability: false, timeouts: {implicit: 0, pageLoad: 300000, script: 30000}, unhandledPromptBehavior: dismiss and notify, webauthn:extension:credBlob: true, webauthn:extension:largeBlob: true, webauthn:virtualAuthenticators: true}
Session ID: 14c5a332ce5207d5b8bd0fc9d4c63eb3]]>
            </message>
            <full-stacktrace>
              <![CDATA[org.openqa.selenium.ElementNotInteractableException: element not interactable
  (Session info: chrome=93.0.4577.82)
Build info: version: '3.141.59', revision: 'e82be7d358', time: '2018-11-14T08:17:03'
System info: host: 'LAB-63761862547', ip: '172.18.24.55', os.name: 'Windows 10', os.arch: 'amd64', os.version: '10.0', java.version: '11.0.11'
Driver info: org.openqa.selenium.chrome.ChromeDriver
Capabilities {acceptInsecureCerts: false, browserName: chrome, browserVersion: 93.0.4577.82, chrome: {chromedriverVersion: 92.0.4515.107 (87a818b10553..., userDataDir: C:\Users\User\AppData\Local...}, goog:chromeOptions: {debuggerAddress: localhost:61741}, javascriptEnabled: true, networkConnectionEnabled: false, pageLoadStrategy: normal, platform: WINDOWS, platformName: WINDOWS, proxy: Proxy(), setWindowRect: true, strictFileInteractability: false, timeouts: {implicit: 0, pageLoad: 300000, script: 30000}, unhandledPromptBehavior: dismiss and notify, webauthn:extension:credBlob: true, webauthn:extension:largeBlob: true, webauthn:virtualAuthenticators: true}
Session ID: 14c5a332ce5207d5b8bd0fc9d4c63eb3
at java.base/jdk.internal.reflect.NativeConstructorAccessorImpl.newInstance0(Native Method)
at java.base/jdk.internal.reflect.NativeConstructorAccessorImpl.newInstance(NativeConstructorAccessorImpl.java:62)
at java.base/jdk.internal.reflect.DelegatingConstructorAccessorImpl.newInstance(DelegatingConstructorAccessorImpl.java:45)
at java.base/java.lang.reflect.Constructor.newInstance(Constructor.java:490)
at org.openqa.selenium.remote.http.W3CHttpResponseCodec.createException(W3CHttpResponseCodec.java:187)
at org.openqa.selenium.remote.http.W3CHttpResponseCodec.decode(W3CHttpResponseCodec.java:122)
at org.openqa.selenium.remote.http.W3CHttpResponseCodec.decode(W3CHttpResponseCodec.java:49)
at org.openqa.selenium.remote.HttpCommandExecutor.execute(HttpCommandExecutor.java:158)
at org.openqa.selenium.remote.service.DriverCommandExecutor.execute(DriverCommandExecutor.java:83)
at org.openqa.selenium.remote.RemoteWebDriver.execute(RemoteWebDriver.java:552)
at org.openqa.selenium.remote.RemoteWebElement.execute(RemoteWebElement.java:285)
at org.openqa.selenium.remote.RemoteWebElement.sendKeys(RemoteWebElement.java:106)
at testCases.Login.userLogin(Login.java:40)
at java.base/jdk.internal.reflect.NativeMethodAccessorImpl.invoke0(Native Method)
at java.base/jdk.internal.reflect.NativeMethodAccessorImpl.invoke(NativeMethodAccessorImpl.java:62)
at java.base/jdk.internal.reflect.DelegatingMethodAccessorImpl.invoke(DelegatingMethodAccessorImpl.java:43)
at java.base/java.lang.reflect.Method.invoke(Method.java:566)
at org.testng.internal.MethodInvocationHelper.invokeMethod(MethodInvocationHelper.java:133)
at org.testng.internal.TestInvoker.invokeMethod(TestInvoker.java:598)
at org.testng.internal.TestInvoker.invokeTestMethod(TestInvoker.java:173)
at org.testng.internal.MethodRunner.runInSequence(MethodRunner.java:46)
at org.testng.internal.TestInvoker$MethodInvocationAgent.invoke(TestInvoker.java:824)
at org.testng.internal.TestInvoker.invokeTestMethods(TestInvoker.java:146)
at org.testng.internal.TestMethodWorker.invokeTestMethods(TestMethodWorker.java:146)
at org.testng.internal.TestMethodWorker.run(TestMethodWorker.java:128)
at java.base/java.util.ArrayList.forEach(ArrayList.java:1541)
at org.testng.TestRunner.privateRun(TestRunner.java:794)
at org.testng.TestRunner.run(TestRunner.java:596)
at org.testng.SuiteRunner.runTest(SuiteRunner.java:377)
at org.testng.SuiteRunner.runSequentially(SuiteRunner.java:371)
at org.testng.SuiteRunner.privateRun(SuiteRunner.java:332)
at org.testng.SuiteRunner.run(SuiteRunner.java:276)
at org.testng.SuiteRunnerWorker.runSuite(SuiteRunnerWorker.java:53)
at org.testng.SuiteRunnerWorker.run(SuiteRunnerWorker.java:96)
at org.testng.TestNG.runSuitesSequentially(TestNG.java:1212)
at org.testng.TestNG.runSuitesLocally(TestNG.java:1134)
at org.testng.TestNG.runSuites(TestNG.java:1063)
at org.testng.TestNG.run(TestNG.java:1031)
at org.testng.remote.AbstractRemoteTestNG.run(AbstractRemoteTestNG.java:115)
at org.testng.remote.RemoteTestNG.initAndRun(RemoteTestNG.java:251)
at org.testng.remote.RemoteTestNG.main(RemoteTestNG.java:77)
]]>
            </full-stacktrace>
          </exception> <!-- org.openqa.selenium.ElementNotInteractableException -->
          <reporter-output>
          </reporter-output>
        </test-method> <!-- userLogin -->
        <test-method is-config="true" signature="end()[pri:0, instance:testCases.Login@1252b961]" started-at="2021-09-26T20:45:35 IST" name="end" finished-at="2021-09-26T20:45:36 IST" duration-ms="823" status="PASS">
          <reporter-output>
          </reporter-output>
        </test-method> <!-- end -->
        <test-method is-config="true" signature="openBrowser()[pri:0, instance:testCases.Login@1252b961]" started-at="2021-09-26T20:45:36 IST" name="openBrowser" finished-at="2021-09-26T20:45:40 IST" duration-ms="4448" status="PASS">
          <reporter-output>
          </reporter-output>
        </test-method> <!-- openBrowser -->
        <test-method signature="userLogin(java.lang.String,java.lang.String)[pri:0, instance:testCases.Login@1252b961]" started-at="2021-09-26T20:45:40 IST" name="userLogin" data-provider="testData" finished-at="2021-09-26T20:46:00 IST" duration-ms="19798" status="FAIL">
          <params>
            <param index="0">
              <value>
                <![CDATA[amanpandey1504@gmail.com]]>
              </value>
            </param>
            <param index="1">
              <value>
                <![CDATA[qwerty1234]]>
              </value>
            </param>
          </params>
          <exception class="org.openqa.selenium.ElementNotInteractableException">
            <message>
              <![CDATA[element not interactable
  (Session info: chrome=93.0.4577.82)
Build info: version: '3.141.59', revision: 'e82be7d358', time: '2018-11-14T08:17:03'
System info: host: 'LAB-63761862547', ip: '172.18.24.55', os.name: 'Windows 10', os.arch: 'amd64', os.version: '10.0', java.version: '11.0.11'
Driver info: org.openqa.selenium.chrome.ChromeDriver
Capabilities {acceptInsecureCerts: false, browserName: chrome, browserVersion: 93.0.4577.82, chrome: {chromedriverVersion: 92.0.4515.107 (87a818b10553..., userDataDir: C:\Users\User\AppData\Local...}, goog:chromeOptions: {debuggerAddress: localhost:56438}, javascriptEnabled: true, networkConnectionEnabled: false, pageLoadStrategy: normal, platform: WINDOWS, platformName: WINDOWS, proxy: Proxy(), setWindowRect: true, strictFileInteractability: false, timeouts: {implicit: 0, pageLoad: 300000, script: 30000}, unhandledPromptBehavior: dismiss and notify, webauthn:extension:credBlob: true, webauthn:extension:largeBlob: true, webauthn:virtualAuthenticators: true}
Session ID: 7ae32a0e5fb72c9fdb846f0b8fcdc951]]>
            </message>
            <full-stacktrace>
              <![CDATA[org.openqa.selenium.ElementNotInteractableException: element not interactable
  (Session info: chrome=93.0.4577.82)
Build info: version: '3.141.59', revision: 'e82be7d358', time: '2018-11-14T08:17:03'
System info: host: 'LAB-63761862547', ip: '172.18.24.55', os.name: 'Windows 10', os.arch: 'amd64', os.version: '10.0', java.version: '11.0.11'
Driver info: org.openqa.selenium.chrome.ChromeDriver
Capabilities {acceptInsecureCerts: false, browserName: chrome, browserVersion: 93.0.4577.82, chrome: {chromedriverVersion: 92.0.4515.107 (87a818b10553..., userDataDir: C:\Users\User\AppData\Local...}, goog:chromeOptions: {debuggerAddress: localhost:56438}, javascriptEnabled: true, networkConnectionEnabled: false, pageLoadStrategy: normal, platform: WINDOWS, platformName: WINDOWS, proxy: Proxy(), setWindowRect: true, strictFileInteractability: false, timeouts: {implicit: 0, pageLoad: 300000, script: 30000}, unhandledPromptBehavior: dismiss and notify, webauthn:extension:credBlob: true, webauthn:extension:largeBlob: true, webauthn:virtualAuthenticators: true}
Session ID: 7ae32a0e5fb72c9fdb846f0b8fcdc951
at java.base/jdk.internal.reflect.NativeConstructorAccessorImpl.newInstance0(Native Method)
at java.base/jdk.internal.reflect.NativeConstructorAccessorImpl.newInstance(NativeConstructorAccessorImpl.java:62)
at java.base/jdk.internal.reflect.DelegatingConstructorAccessorImpl.newInstance(DelegatingConstructorAccessorImpl.java:45)
at java.base/java.lang.reflect.Constructor.newInstance(Constructor.java:490)
at org.openqa.selenium.remote.http.W3CHttpResponseCodec.createException(W3CHttpResponseCodec.java:187)
at org.openqa.selenium.remote.http.W3CHttpResponseCodec.decode(W3CHttpResponseCodec.java:122)
at org.openqa.selenium.remote.http.W3CHttpResponseCodec.decode(W3CHttpResponseCodec.java:49)
at org.openqa.selenium.remote.HttpCommandExecutor.execute(HttpCommandExecutor.java:158)
at org.openqa.selenium.remote.service.DriverCommandExecutor.execute(DriverCommandExecutor.java:83)
at org.openqa.selenium.remote.RemoteWebDriver.execute(RemoteWebDriver.java:552)
at org.openqa.selenium.remote.RemoteWebElement.execute(RemoteWebElement.java:285)
at org.openqa.selenium.remote.RemoteWebElement.sendKeys(RemoteWebElement.java:106)
at testCases.Login.userLogin(Login.java:40)
at java.base/jdk.internal.reflect.NativeMethodAccessorImpl.invoke0(Native Method)
at java.base/jdk.internal.reflect.NativeMethodAccessorImpl.invoke(NativeMethodAccessorImpl.java:62)
at java.base/jdk.internal.reflect.DelegatingMethodAccessorImpl.invoke(DelegatingMethodAccessorImpl.java:43)
at java.base/java.lang.reflect.Method.invoke(Method.java:566)
at org.testng.internal.MethodInvocationHelper.invokeMethod(MethodInvocationHelper.java:133)
at org.testng.internal.TestInvoker.invokeMethod(TestInvoker.java:598)
at org.testng.internal.TestInvoker.invokeTestMethod(TestInvoker.java:173)
at org.testng.internal.MethodRunner.runInSequence(MethodRunner.java:46)
at org.testng.internal.TestInvoker$MethodInvocationAgent.invoke(TestInvoker.java:824)
at org.testng.internal.TestInvoker.invokeTestMethods(TestInvoker.java:146)
at org.testng.internal.TestMethodWorker.invokeTestMethods(TestMethodWorker.java:146)
at org.testng.internal.TestMethodWorker.run(TestMethodWorker.java:128)
at java.base/java.util.ArrayList.forEach(ArrayList.java:1541)
at org.testng.TestRunner.privateRun(TestRunner.java:794)
at org.testng.TestRunner.run(TestRunner.java:596)
at org.testng.SuiteRunner.runTest(SuiteRunner.java:377)
at org.testng.SuiteRunner.runSequentially(SuiteRunner.java:371)
at org.testng.SuiteRunner.privateRun(SuiteRunner.java:332)
at org.testng.SuiteRunner.run(SuiteRunner.java:276)
at org.testng.SuiteRunnerWorker.runSuite(SuiteRunnerWorker.java:53)
at org.testng.SuiteRunnerWorker.run(SuiteRunnerWorker.java:96)
at org.testng.TestNG.runSuitesSequentially(TestNG.java:1212)
at org.testng.TestNG.runSuitesLocally(TestNG.java:1134)
at org.testng.TestNG.runSuites(TestNG.java:1063)
at org.testng.TestNG.run(TestNG.java:1031)
at org.testng.remote.AbstractRemoteTestNG.run(AbstractRemoteTestNG.java:115)
at org.testng.remote.RemoteTestNG.initAndRun(RemoteTestNG.java:251)
at org.testng.remote.RemoteTestNG.main(RemoteTestNG.java:77)
]]>
            </full-stacktrace>
          </exception> <!-- org.openqa.selenium.ElementNotInteractableException -->
          <reporter-output>
          </reporter-output>
        </test-method> <!-- userLogin -->
        <test-method is-config="true" signature="end()[pri:0, instance:testCases.Login@1252b961]" started-at="2021-09-26T20:46:00 IST" name="end" finished-at="2021-09-26T20:46:01 IST" duration-ms="981" status="PASS">
          <reporter-output>
          </reporter-output>
        </test-method> <!-- end -->
      </class> <!-- testCases.Login -->
    </test> <!-- UserLogin -->
    <test started-at="2021-09-26T20:46:01 IST" name="UserSignInUsingFacebook" finished-at="2021-09-26T20:46:44 IST" duration-ms="42955">
      <class name="testCases.SignInFacebook">
        <test-method is-config="true" signature="openBrowser()[pri:0, instance:testCases.SignInFacebook@31e3250d]" started-at="2021-09-26T20:46:01 IST" name="openBrowser" finished-at="2021-09-26T20:46:06 IST" duration-ms="5162" status="PASS">
          <reporter-output>
          </reporter-output>
        </test-method> <!-- openBrowser -->
        <test-method signature="fbSignIn(java.lang.String,java.lang.String)[pri:0, instance:testCases.SignInFacebook@31e3250d]" started-at="2021-09-26T20:46:06 IST" name="fbSignIn" data-provider="testData" finished-at="2021-09-26T20:46:21 IST" duration-ms="14704" status="PASS">
          <params>
            <param index="0">
              <value>
                <![CDATA[amanpandey1504@gmail.com]]>
              </value>
            </param>
            <param index="1">
              <value>
                <![CDATA[pass#word1]]>
              </value>
            </param>
          </params>
          <reporter-output>
          </reporter-output>
        </test-method> <!-- fbSignIn -->
        <test-method is-config="true" signature="end()[pri:0, instance:testCases.SignInFacebook@31e3250d]" started-at="2021-09-26T20:46:21 IST" name="end" finished-at="2021-09-26T20:46:22 IST" duration-ms="803" status="PASS">
          <reporter-output>
          </reporter-output>
        </test-method> <!-- end -->
        <test-method is-config="true" signature="openBrowser()[pri:0, instance:testCases.SignInFacebook@31e3250d]" started-at="2021-09-26T20:46:22 IST" name="openBrowser" finished-at="2021-09-26T20:46:29 IST" duration-ms="6570" status="PASS">
          <reporter-output>
          </reporter-output>
        </test-method> <!-- openBrowser -->
        <test-method signature="fbSignIn(java.lang.String,java.lang.String)[pri:0, instance:testCases.SignInFacebook@31e3250d]" started-at="2021-09-26T20:46:29 IST" name="fbSignIn" data-provider="testData" finished-at="2021-09-26T20:46:43 IST" duration-ms="14770" status="PASS">
          <params>
            <param index="0">
              <value>
                <![CDATA[amanpandey1504@gmail.com]]>
              </value>
            </param>
            <param index="1">
              <value>
                <![CDATA[qwerty1234]]>
              </value>
            </param>
          </params>
          <reporter-output>
          </reporter-output>
        </test-method> <!-- fbSignIn -->
        <test-method is-config="true" signature="end()[pri:0, instance:testCases.SignInFacebook@31e3250d]" started-at="2021-09-26T20:46:43 IST" name="end" finished-at="2021-09-26T20:46:44 IST" duration-ms="841" status="PASS">
          <reporter-output>
          </reporter-output>
        </test-method> <!-- end -->
      </class> <!-- testCases.SignInFacebook -->
    </test> <!-- UserSignInUsingFacebook -->
    <test started-at="2021-09-26T20:46:44 IST" name="UserSignInUsingGoogle" finished-at="2021-09-26T20:47:46 IST" duration-ms="62016">
      <class name="testCases.SignInGoogle">
        <test-method is-config="true" signature="openBrowser()[pri:0, instance:testCases.SignInGoogle@24fb6a80]" started-at="2021-09-26T20:46:44 IST" name="openBrowser" finished-at="2021-09-26T20:46:49 IST" duration-ms="4951" status="PASS">
          <reporter-output>
          </reporter-output>
        </test-method> <!-- openBrowser -->
        <test-method signature="gSignIn(java.lang.String,java.lang.String)[pri:0, instance:testCases.SignInGoogle@24fb6a80]" started-at="2021-09-26T20:46:49 IST" name="gSignIn" data-provider="testData" finished-at="2021-09-26T20:47:15 IST" duration-ms="25698" status="FAIL">
          <params>
            <param index="0">
              <value>
                <![CDATA[amanpandey1504@gmail.com]]>
              </value>
            </param>
            <param index="1">
              <value>
                <![CDATA[pass#word1]]>
              </value>
            </param>
          </params>
          <exception class="org.openqa.selenium.NoSuchElementException">
            <message>
              <![CDATA[no such element: Unable to locate element: {"method":"xpath","selector":"//input[@name='password']"}
  (Session info: chrome=93.0.4577.82)
For documentation on this error, please visit: https://www.seleniumhq.org/exceptions/no_such_element.html
Build info: version: '3.141.59', revision: 'e82be7d358', time: '2018-11-14T08:17:03'
System info: host: 'LAB-63761862547', ip: '172.18.24.55', os.name: 'Windows 10', os.arch: 'amd64', os.version: '10.0', java.version: '11.0.11'
Driver info: org.openqa.selenium.chrome.ChromeDriver
Capabilities {acceptInsecureCerts: false, browserName: chrome, browserVersion: 93.0.4577.82, chrome: {chromedriverVersion: 92.0.4515.107 (87a818b10553..., userDataDir: C:\Users\User\AppData\Local...}, goog:chromeOptions: {debuggerAddress: localhost:54315}, javascriptEnabled: true, networkConnectionEnabled: false, pageLoadStrategy: normal, platform: WINDOWS, platformName: WINDOWS, proxy: Proxy(), setWindowRect: true, strictFileInteractability: false, timeouts: {implicit: 0, pageLoad: 300000, script: 30000}, unhandledPromptBehavior: dismiss and notify, webauthn:extension:credBlob: true, webauthn:extension:largeBlob: true, webauthn:virtualAuthenticators: true}
Session ID: 9996bf9fc4382aa864a48150d0a6692c
*** Element info: {Using=xpath, value=//input[@name='password']}]]>
            </message>
            <full-stacktrace>
              <![CDATA[org.openqa.selenium.NoSuchElementException: no such element: Unable to locate element: {"method":"xpath","selector":"//input[@name='password']"}
  (Session info: chrome=93.0.4577.82)
For documentation on this error, please visit: https://www.seleniumhq.org/exceptions/no_such_element.html
Build info: version: '3.141.59', revision: 'e82be7d358', time: '2018-11-14T08:17:03'
System info: host: 'LAB-63761862547', ip: '172.18.24.55', os.name: 'Windows 10', os.arch: 'amd64', os.version: '10.0', java.version: '11.0.11'
Driver info: org.openqa.selenium.chrome.ChromeDriver
Capabilities {acceptInsecureCerts: false, browserName: chrome, browserVersion: 93.0.4577.82, chrome: {chromedriverVersion: 92.0.4515.107 (87a818b10553..., userDataDir: C:\Users\User\AppData\Local...}, goog:chromeOptions: {debuggerAddress: localhost:54315}, javascriptEnabled: true, networkConnectionEnabled: false, pageLoadStrategy: normal, platform: WINDOWS, platformName: WINDOWS, proxy: Proxy(), setWindowRect: true, strictFileInteractability: false, timeouts: {implicit: 0, pageLoad: 300000, script: 30000}, unhandledPromptBehavior: dismiss and notify, webauthn:extension:credBlob: true, webauthn:extension:largeBlob: true, webauthn:virtualAuthenticators: true}
Session ID: 9996bf9fc4382aa864a48150d0a6692c
*** Element info: {Using=xpath, value=//input[@name='password']}
at java.base/jdk.internal.reflect.NativeConstructorAccessorImpl.newInstance0(Native Method)
at java.base/jdk.internal.reflect.NativeConstructorAccessorImpl.newInstance(NativeConstructorAccessorImpl.java:62)
at java.base/jdk.internal.reflect.DelegatingConstructorAccessorImpl.newInstance(DelegatingConstructorAccessorImpl.java:45)
at java.base/java.lang.reflect.Constructor.newInstance(Constructor.java:490)
at org.openqa.selenium.remote.http.W3CHttpResponseCodec.createException(W3CHttpResponseCodec.java:187)
at org.openqa.selenium.remote.http.W3CHttpResponseCodec.decode(W3CHttpResponseCodec.java:122)
at org.openqa.selenium.remote.http.W3CHttpResponseCodec.decode(W3CHttpResponseCodec.java:49)
at org.openqa.selenium.remote.HttpCommandExecutor.execute(HttpCommandExecutor.java:158)
at org.openqa.selenium.remote.service.DriverCommandExecutor.execute(DriverCommandExecutor.java:83)
at org.openqa.selenium.remote.RemoteWebDriver.execute(RemoteWebDriver.java:552)
at org.openqa.selenium.remote.RemoteWebDriver.findElement(RemoteWebDriver.java:323)
at org.openqa.selenium.remote.RemoteWebDriver.findElementByXPath(RemoteWebDriver.java:428)
at org.openqa.selenium.By$ByXPath.findElement(By.java:353)
at org.openqa.selenium.remote.RemoteWebDriver.findElement(RemoteWebDriver.java:315)
at pageObjects.SignInGoogleObject.getPassword(SignInGoogleObject.java:29)
at testCases.SignInGoogle.gSignIn(SignInGoogle.java:42)
at java.base/jdk.internal.reflect.NativeMethodAccessorImpl.invoke0(Native Method)
at java.base/jdk.internal.reflect.NativeMethodAccessorImpl.invoke(NativeMethodAccessorImpl.java:62)
at java.base/jdk.internal.reflect.DelegatingMethodAccessorImpl.invoke(DelegatingMethodAccessorImpl.java:43)
at java.base/java.lang.reflect.Method.invoke(Method.java:566)
at org.testng.internal.MethodInvocationHelper.invokeMethod(MethodInvocationHelper.java:133)
at org.testng.internal.TestInvoker.invokeMethod(TestInvoker.java:598)
at org.testng.internal.TestInvoker.invokeTestMethod(TestInvoker.java:173)
at org.testng.internal.MethodRunner.runInSequence(MethodRunner.java:46)
at org.testng.internal.TestInvoker$MethodInvocationAgent.invoke(TestInvoker.java:824)
at org.testng.internal.TestInvoker.invokeTestMethods(TestInvoker.java:146)
at org.testng.internal.TestMethodWorker.invokeTestMethods(TestMethodWorker.java:146)
at org.testng.internal.TestMethodWorker.run(TestMethodWorker.java:128)
at java.base/java.util.ArrayList.forEach(ArrayList.java:1541)
at org.testng.TestRunner.privateRun(TestRunner.java:794)
at org.testng.TestRunner.run(TestRunner.java:596)
at org.testng.SuiteRunner.runTest(SuiteRunner.java:377)
at org.testng.SuiteRunner.runSequentially(SuiteRunner.java:371)
at org.testng.SuiteRunner.privateRun(SuiteRunner.java:332)
at org.testng.SuiteRunner.run(SuiteRunner.java:276)
at org.testng.SuiteRunnerWorker.runSuite(SuiteRunnerWorker.java:53)
at org.testng.SuiteRunnerWorker.run(SuiteRunnerWorker.java:96)
at org.testng.TestNG.runSuitesSequentially(TestNG.java:1212)
at org.testng.TestNG.runSuitesLocally(TestNG.java:1134)
at org.testng.TestNG.runSuites(TestNG.java:1063)
at org.testng.TestNG.run(TestNG.java:1031)
at org.testng.remote.AbstractRemoteTestNG.run(AbstractRemoteTestNG.java:115)
at org.testng.remote.RemoteTestNG.initAndRun(RemoteTestNG.java:251)
at org.testng.remote.RemoteTestNG.main(RemoteTestNG.java:77)
]]>
            </full-stacktrace>
          </exception> <!-- org.openqa.selenium.NoSuchElementException -->
          <reporter-output>
          </reporter-output>
        </test-method> <!-- gSignIn -->
        <test-method is-config="true" signature="end()[pri:0, instance:testCases.SignInGoogle@24fb6a80]" started-at="2021-09-26T20:47:15 IST" name="end" finished-at="2021-09-26T20:47:16 IST" duration-ms="771" status="PASS">
          <reporter-output>
          </reporter-output>
        </test-method> <!-- end -->
        <test-method is-config="true" signature="openBrowser()[pri:0, instance:testCases.SignInGoogle@24fb6a80]" started-at="2021-09-26T20:47:16 IST" name="openBrowser" finished-at="2021-09-26T20:47:21 IST" duration-ms="4854" status="PASS">
          <reporter-output>
          </reporter-output>
        </test-method> <!-- openBrowser -->
        <test-method signature="gSignIn(java.lang.String,java.lang.String)[pri:0, instance:testCases.SignInGoogle@24fb6a80]" started-at="2021-09-26T20:47:21 IST" name="gSignIn" data-provider="testData" finished-at="2021-09-26T20:47:45 IST" duration-ms="24524" status="FAIL">
          <params>
            <param index="0">
              <value>
                <![CDATA[amanpandey1504@gmail.com]]>
              </value>
            </param>
            <param index="1">
              <value>
                <![CDATA[qwerty1234]]>
              </value>
            </param>
          </params>
          <exception class="org.openqa.selenium.NoSuchElementException">
            <message>
              <![CDATA[no such element: Unable to locate element: {"method":"xpath","selector":"//input[@name='password']"}
  (Session info: chrome=93.0.4577.82)
For documentation on this error, please visit: https://www.seleniumhq.org/exceptions/no_such_element.html
Build info: version: '3.141.59', revision: 'e82be7d358', time: '2018-11-14T08:17:03'
System info: host: 'LAB-63761862547', ip: '172.18.24.55', os.name: 'Windows 10', os.arch: 'amd64', os.version: '10.0', java.version: '11.0.11'
Driver info: org.openqa.selenium.chrome.ChromeDriver
Capabilities {acceptInsecureCerts: false, browserName: chrome, browserVersion: 93.0.4577.82, chrome: {chromedriverVersion: 92.0.4515.107 (87a818b10553..., userDataDir: C:\Users\User\AppData\Local...}, goog:chromeOptions: {debuggerAddress: localhost:51003}, javascriptEnabled: true, networkConnectionEnabled: false, pageLoadStrategy: normal, platform: WINDOWS, platformName: WINDOWS, proxy: Proxy(), setWindowRect: true, strictFileInteractability: false, timeouts: {implicit: 0, pageLoad: 300000, script: 30000}, unhandledPromptBehavior: dismiss and notify, webauthn:extension:credBlob: true, webauthn:extension:largeBlob: true, webauthn:virtualAuthenticators: true}
Session ID: a7e27a9a848dbb69f907b30e91009a38
*** Element info: {Using=xpath, value=//input[@name='password']}]]>
            </message>
            <full-stacktrace>
              <![CDATA[org.openqa.selenium.NoSuchElementException: no such element: Unable to locate element: {"method":"xpath","selector":"//input[@name='password']"}
  (Session info: chrome=93.0.4577.82)
For documentation on this error, please visit: https://www.seleniumhq.org/exceptions/no_such_element.html
Build info: version: '3.141.59', revision: 'e82be7d358', time: '2018-11-14T08:17:03'
System info: host: 'LAB-63761862547', ip: '172.18.24.55', os.name: 'Windows 10', os.arch: 'amd64', os.version: '10.0', java.version: '11.0.11'
Driver info: org.openqa.selenium.chrome.ChromeDriver
Capabilities {acceptInsecureCerts: false, browserName: chrome, browserVersion: 93.0.4577.82, chrome: {chromedriverVersion: 92.0.4515.107 (87a818b10553..., userDataDir: C:\Users\User\AppData\Local...}, goog:chromeOptions: {debuggerAddress: localhost:51003}, javascriptEnabled: true, networkConnectionEnabled: false, pageLoadStrategy: normal, platform: WINDOWS, platformName: WINDOWS, proxy: Proxy(), setWindowRect: true, strictFileInteractability: false, timeouts: {implicit: 0, pageLoad: 300000, script: 30000}, unhandledPromptBehavior: dismiss and notify, webauthn:extension:credBlob: true, webauthn:extension:largeBlob: true, webauthn:virtualAuthenticators: true}
Session ID: a7e27a9a848dbb69f907b30e91009a38
*** Element info: {Using=xpath, value=//input[@name='password']}
at java.base/jdk.internal.reflect.NativeConstructorAccessorImpl.newInstance0(Native Method)
at java.base/jdk.internal.reflect.NativeConstructorAccessorImpl.newInstance(NativeConstructorAccessorImpl.java:62)
at java.base/jdk.internal.reflect.DelegatingConstructorAccessorImpl.newInstance(DelegatingConstructorAccessorImpl.java:45)
at java.base/java.lang.reflect.Constructor.newInstance(Constructor.java:490)
at org.openqa.selenium.remote.http.W3CHttpResponseCodec.createException(W3CHttpResponseCodec.java:187)
at org.openqa.selenium.remote.http.W3CHttpResponseCodec.decode(W3CHttpResponseCodec.java:122)
at org.openqa.selenium.remote.http.W3CHttpResponseCodec.decode(W3CHttpResponseCodec.java:49)
at org.openqa.selenium.remote.HttpCommandExecutor.execute(HttpCommandExecutor.java:158)
at org.openqa.selenium.remote.service.DriverCommandExecutor.execute(DriverCommandExecutor.java:83)
at org.openqa.selenium.remote.RemoteWebDriver.execute(RemoteWebDriver.java:552)
at org.openqa.selenium.remote.RemoteWebDriver.findElement(RemoteWebDriver.java:323)
at org.openqa.selenium.remote.RemoteWebDriver.findElementByXPath(RemoteWebDriver.java:428)
at org.openqa.selenium.By$ByXPath.findElement(By.java:353)
at org.openqa.selenium.remote.RemoteWebDriver.findElement(RemoteWebDriver.java:315)
at pageObjects.SignInGoogleObject.getPassword(SignInGoogleObject.java:29)
at testCases.SignInGoogle.gSignIn(SignInGoogle.java:42)
at java.base/jdk.internal.reflect.NativeMethodAccessorImpl.invoke0(Native Method)
at java.base/jdk.internal.reflect.NativeMethodAccessorImpl.invoke(NativeMethodAccessorImpl.java:62)
at java.base/jdk.internal.reflect.DelegatingMethodAccessorImpl.invoke(DelegatingMethodAccessorImpl.java:43)
at java.base/java.lang.reflect.Method.invoke(Method.java:566)
at org.testng.internal.MethodInvocationHelper.invokeMethod(MethodInvocationHelper.java:133)
at org.testng.internal.TestInvoker.invokeMethod(TestInvoker.java:598)
at org.testng.internal.TestInvoker.invokeTestMethod(TestInvoker.java:173)
at org.testng.internal.MethodRunner.runInSequence(MethodRunner.java:46)
at org.testng.internal.TestInvoker$MethodInvocationAgent.invoke(TestInvoker.java:824)
at org.testng.internal.TestInvoker.invokeTestMethods(TestInvoker.java:146)
at org.testng.internal.TestMethodWorker.invokeTestMethods(TestMethodWorker.java:146)
at org.testng.internal.TestMethodWorker.run(TestMethodWorker.java:128)
at java.base/java.util.ArrayList.forEach(ArrayList.java:1541)
at org.testng.TestRunner.privateRun(TestRunner.java:794)
at org.testng.TestRunner.run(TestRunner.java:596)
at org.testng.SuiteRunner.runTest(SuiteRunner.java:377)
at org.testng.SuiteRunner.runSequentially(SuiteRunner.java:371)
at org.testng.SuiteRunner.privateRun(SuiteRunner.java:332)
at org.testng.SuiteRunner.run(SuiteRunner.java:276)
at org.testng.SuiteRunnerWorker.runSuite(SuiteRunnerWorker.java:53)
at org.testng.SuiteRunnerWorker.run(SuiteRunnerWorker.java:96)
at org.testng.TestNG.runSuitesSequentially(TestNG.java:1212)
at org.testng.TestNG.runSuitesLocally(TestNG.java:1134)
at org.testng.TestNG.runSuites(TestNG.java:1063)
at org.testng.TestNG.run(TestNG.java:1031)
at org.testng.remote.AbstractRemoteTestNG.run(AbstractRemoteTestNG.java:115)
at org.testng.remote.RemoteTestNG.initAndRun(RemoteTestNG.java:251)
at org.testng.remote.RemoteTestNG.main(RemoteTestNG.java:77)
]]>
            </full-stacktrace>
          </exception> <!-- org.openqa.selenium.NoSuchElementException -->
          <reporter-output>
          </reporter-output>
        </test-method> <!-- gSignIn -->
        <test-method is-config="true" signature="end()[pri:0, instance:testCases.SignInGoogle@24fb6a80]" started-at="2021-09-26T20:47:45 IST" name="end" finished-at="2021-09-26T20:47:46 IST" duration-ms="822" status="PASS">
          <reporter-output>
          </reporter-output>
        </test-method> <!-- end -->
      </class> <!-- testCases.SignInGoogle -->
    </test> <!-- UserSignInUsingGoogle -->
    <test started-at="2021-09-26T20:47:46 IST" name="AddProductToCart" finished-at="2021-09-26T20:48:18 IST" duration-ms="31908">
      <class name="testCases.StudyToCart">
        <test-method is-config="true" signature="openBrowser()[pri:0, instance:testCases.StudyToCart@5049d8b2]" started-at="2021-09-26T20:47:46 IST" name="openBrowser" finished-at="2021-09-26T20:47:50 IST" duration-ms="4251" status="PASS">
          <reporter-output>
          </reporter-output>
        </test-method> <!-- openBrowser -->
        <test-method signature="checkCart()[pri:0, instance:testCases.StudyToCart@5049d8b2]" started-at="2021-09-26T20:47:50 IST" name="checkCart" finished-at="2021-09-26T20:48:17 IST" duration-ms="26647" status="PASS">
          <reporter-output>
          </reporter-output>
        </test-method> <!-- checkCart -->
        <test-method is-config="true" signature="close()[pri:0, instance:testCases.StudyToCart@5049d8b2]" started-at="2021-09-26T20:48:17 IST" name="close" finished-at="2021-09-26T20:48:18 IST" duration-ms="992" status="PASS">
          <reporter-output>
          </reporter-output>
        </test-method> <!-- close -->
      </class> <!-- testCases.StudyToCart -->
    </test> <!-- AddProductToCart -->
    <test started-at="2021-09-26T20:48:18 IST" name="CheckSaleForAllProducts" finished-at="2021-09-26T20:48:41 IST" duration-ms="22812">
      <class name="testCases.SelectAllSale">
        <test-method is-config="true" signature="openBrowser()[pri:0, instance:testCases.SelectAllSale@297ea53a]" started-at="2021-09-26T20:48:18 IST" name="openBrowser" finished-at="2021-09-26T20:48:23 IST" duration-ms="4821" status="PASS">
          <reporter-output>
          </reporter-output>
        </test-method> <!-- openBrowser -->
        <test-method signature="clickSale()[pri:1, instance:testCases.SelectAllSale@297ea53a]" started-at="2021-09-26T20:48:23 IST" name="clickSale" finished-at="2021-09-26T20:48:40 IST" duration-ms="17001" status="PASS">
          <reporter-output>
          </reporter-output>
        </test-method> <!-- clickSale -->
        <test-method signature="getTitle()[pri:2, instance:testCases.SelectAllSale@297ea53a]" started-at="2021-09-26T20:48:40 IST" name="getTitle" finished-at="2021-09-26T20:48:40 IST" duration-ms="71" status="PASS">
          <reporter-output>
          </reporter-output>
        </test-method> <!-- getTitle -->
        <test-method is-config="true" signature="close()[pri:0, instance:testCases.SelectAllSale@297ea53a]" started-at="2021-09-26T20:48:40 IST" name="close" finished-at="2021-09-26T20:48:41 IST" duration-ms="910" status="PASS">
          <reporter-output>
          </reporter-output>
        </test-method> <!-- close -->
      </class> <!-- testCases.SelectAllSale -->
    </test> <!-- CheckSaleForAllProducts -->
    <test started-at="2021-09-26T20:48:41 IST" name="TrackingOrder" finished-at="2021-09-26T20:49:34 IST" duration-ms="53476">
      <class name="testCases.TrackOrder">
        <test-method is-config="true" signature="openBrowser()[pri:0, instance:testCases.TrackOrder@45be7cd5]" started-at="2021-09-26T20:48:41 IST" name="openBrowser" finished-at="2021-09-26T20:48:45 IST" duration-ms="3955" status="PASS">
          <reporter-output>
          </reporter-output>
        </test-method> <!-- openBrowser -->
        <test-method signature="submitOrderDetails(java.lang.String,java.lang.String)[pri:0, instance:testCases.TrackOrder@45be7cd5]" started-at="2021-09-26T20:48:45 IST" name="submitOrderDetails" data-provider="testData" finished-at="2021-09-26T20:49:05 IST" duration-ms="20311" status="PASS">
          <params>
            <param index="0">
              <value>
                <![CDATA[1234.0]]>
              </value>
            </param>
            <param index="1">
              <value>
                <![CDATA[9.944758326E9]]>
              </value>
            </param>
          </params>
          <reporter-output>
          </reporter-output>
        </test-method> <!-- submitOrderDetails -->
        <test-method is-config="true" signature="end()[pri:0, instance:testCases.TrackOrder@45be7cd5]" started-at="2021-09-26T20:49:05 IST" name="end" finished-at="2021-09-26T20:49:07 IST" duration-ms="1258" status="PASS">
          <reporter-output>
          </reporter-output>
        </test-method> <!-- end -->
        <test-method is-config="true" signature="openBrowser()[pri:0, instance:testCases.TrackOrder@45be7cd5]" started-at="2021-09-26T20:49:07 IST" name="openBrowser" finished-at="2021-09-26T20:49:11 IST" duration-ms="4382" status="PASS">
          <reporter-output>
          </reporter-output>
        </test-method> <!-- openBrowser -->
        <test-method signature="submitOrderDetails(java.lang.String,java.lang.String)[pri:0, instance:testCases.TrackOrder@45be7cd5]" started-at="2021-09-26T20:49:11 IST" name="submitOrderDetails" data-provider="testData" finished-at="2021-09-26T20:49:33 IST" duration-ms="22549" status="PASS">
          <params>
            <param index="0">
              <value>
                <![CDATA[5678.0]]>
              </value>
            </param>
            <param index="1">
              <value>
                <![CDATA[9.944758326E9]]>
              </value>
            </param>
          </params>
          <reporter-output>
          </reporter-output>
        </test-method> <!-- submitOrderDetails -->
        <test-method is-config="true" signature="end()[pri:0, instance:testCases.TrackOrder@45be7cd5]" started-at="2021-09-26T20:49:33 IST" name="end" finished-at="2021-09-26T20:49:34 IST" duration-ms="941" status="PASS">
          <reporter-output>
          </reporter-output>
        </test-method> <!-- end -->
      </class> <!-- testCases.TrackOrder -->
    </test> <!-- TrackingOrder -->
    <test started-at="2021-09-26T20:49:34 IST" name="SendingGiftCard" finished-at="2021-09-26T20:50:00 IST" duration-ms="25480">
      <class name="testCases.GiftCard">
        <test-method is-config="true" signature="openBrowser()[pri:0, instance:testCases.GiftCard@3faf2e7d]" started-at="2021-09-26T20:49:34 IST" name="openBrowser" finished-at="2021-09-26T20:49:39 IST" duration-ms="4929" status="PASS">
          <reporter-output>
          </reporter-output>
        </test-method> <!-- openBrowser -->
        <test-method signature="selectGiftCard()[pri:1, instance:testCases.GiftCard@3faf2e7d]" started-at="2021-09-26T20:49:39 IST" name="selectGiftCard" finished-at="2021-09-26T20:49:56 IST" duration-ms="16382" status="PASS">
          <reporter-output>
          </reporter-output>
        </test-method> <!-- selectGiftCard -->
        <test-method signature="selectEvent()[pri:2, instance:testCases.GiftCard@3faf2e7d]" started-at="2021-09-26T20:49:56 IST" name="selectEvent" finished-at="2021-09-26T20:49:56 IST" duration-ms="472" status="PASS">
          <reporter-output>
          </reporter-output>
        </test-method> <!-- selectEvent -->
        <test-method signature="enterAmount()[pri:3, instance:testCases.GiftCard@3faf2e7d]" started-at="2021-09-26T20:49:56 IST" name="enterAmount" finished-at="2021-09-26T20:49:57 IST" duration-ms="485" status="PASS">
          <reporter-output>
          </reporter-output>
        </test-method> <!-- enterAmount -->
        <test-method signature="clickNext()[pri:4, instance:testCases.GiftCard@3faf2e7d]" started-at="2021-09-26T20:49:57 IST" name="clickNext" finished-at="2021-09-26T20:49:57 IST" duration-ms="423" status="PASS">
          <reporter-output>
          </reporter-output>
        </test-method> <!-- clickNext -->
        <test-method signature="enterDetails()[pri:5, instance:testCases.GiftCard@3faf2e7d]" started-at="2021-09-26T20:49:57 IST" name="enterDetails" finished-at="2021-09-26T20:49:59 IST" duration-ms="1668" status="PASS">
          <reporter-output>
          </reporter-output>
        </test-method> <!-- enterDetails -->
        <test-method is-config="true" signature="close()[pri:0, instance:testCases.GiftCard@3faf2e7d]" started-at="2021-09-26T20:49:59 IST" name="close" finished-at="2021-09-26T20:50:00 IST" duration-ms="1105" status="PASS">
          <reporter-output>
          </reporter-output>
        </test-method> <!-- close -->
      </class> <!-- testCases.GiftCard -->
    </test> <!-- SendingGiftCard -->
    <test started-at="2021-09-26T20:50:00 IST" name="EnquireAboutStores" finished-at="2021-09-26T20:50:12 IST" duration-ms="11713">
      <class name="testCases.ViewStores">
        <test-method is-config="true" signature="openBrowser()[pri:0, instance:testCases.ViewStores@180e6ac4]" started-at="2021-09-26T20:50:00 IST" name="openBrowser" finished-at="2021-09-26T20:50:05 IST" duration-ms="4747" status="PASS">
          <reporter-output>
          </reporter-output>
        </test-method> <!-- openBrowser -->
        <test-method signature="clickStore()[pri:0, instance:testCases.ViewStores@180e6ac4]" started-at="2021-09-26T20:50:05 IST" name="clickStore" finished-at="2021-09-26T20:50:09 IST" duration-ms="4076" status="PASS">
          <reporter-output>
          </reporter-output>
        </test-method> <!-- clickStore -->
        <test-method signature="selectLocation()[pri:0, instance:testCases.ViewStores@180e6ac4]" started-at="2021-09-26T20:50:09 IST" name="selectLocation" finished-at="2021-09-26T20:50:11 IST" duration-ms="2054" status="PASS">
          <reporter-output>
          </reporter-output>
        </test-method> <!-- selectLocation -->
        <test-method is-config="true" signature="close()[pri:0, instance:testCases.ViewStores@180e6ac4]" started-at="2021-09-26T20:50:11 IST" name="close" finished-at="2021-09-26T20:50:12 IST" duration-ms="829" status="PASS">
          <reporter-output>
          </reporter-output>
        </test-method> <!-- close -->
      </class> <!-- testCases.ViewStores -->
    </test> <!-- EnquireAboutStores -->
    <test started-at="2021-09-26T20:50:12 IST" name="ViewInstagramPage" finished-at="2021-09-26T20:50:33 IST" duration-ms="21107">
      <class name="testCases.Instagram">
        <test-method is-config="true" signature="openBrowser()[pri:0, instance:testCases.Instagram@68759011]" started-at="2021-09-26T20:50:12 IST" name="openBrowser" finished-at="2021-09-26T20:50:16 IST" duration-ms="4759" status="PASS">
          <reporter-output>
          </reporter-output>
        </test-method> <!-- openBrowser -->
        <test-method signature="openInstagramPage()[pri:0, instance:testCases.Instagram@68759011]" started-at="2021-09-26T20:50:16 IST" name="openInstagramPage" finished-at="2021-09-26T20:50:32 IST" duration-ms="15390" status="PASS">
          <reporter-output>
          </reporter-output>
        </test-method> <!-- openInstagramPage -->
        <test-method is-config="true" signature="close()[pri:0, instance:testCases.Instagram@68759011]" started-at="2021-09-26T20:50:32 IST" name="close" finished-at="2021-09-26T20:50:33 IST" duration-ms="955" status="PASS">
          <reporter-output>
          </reporter-output>
        </test-method> <!-- close -->
      </class> <!-- testCases.Instagram -->
    </test> <!-- ViewInstagramPage -->
    <test started-at="2021-09-26T20:50:33 IST" name="SelectApplicationToDownloadFrom" finished-at="2021-09-26T20:50:54 IST" duration-ms="21608">
      <class name="testCases.SelectApplicationStore">
        <test-method is-config="true" signature="openBrowser()[pri:0, instance:testCases.SelectApplicationStore@43b4fe19]" started-at="2021-09-26T20:50:33 IST" name="openBrowser" finished-at="2021-09-26T20:50:36 IST" duration-ms="3572" status="PASS">
          <reporter-output>
          </reporter-output>
        </test-method> <!-- openBrowser -->
        <test-method signature="openApplicationStore()[pri:0, instance:testCases.SelectApplicationStore@43b4fe19]" started-at="2021-09-26T20:50:36 IST" name="openApplicationStore" finished-at="2021-09-26T20:50:53 IST" duration-ms="17117" status="PASS">
          <reporter-output>
          </reporter-output>
        </test-method> <!-- openApplicationStore -->
        <test-method is-config="true" signature="close()[pri:0, instance:testCases.SelectApplicationStore@43b4fe19]" started-at="2021-09-26T20:50:53 IST" name="close" finished-at="2021-09-26T20:50:54 IST" duration-ms="915" status="PASS">
          <reporter-output>
          </reporter-output>
        </test-method> <!-- close -->
      </class> <!-- testCases.SelectApplicationStore -->
    </test> <!-- SelectApplicationToDownloadFrom -->
  </suite> <!-- Suite -->
</testng-results>
